Using pre-set license
Built from '2021.3/staging' branch; Version is '2021.3.15f1 (e8e88683f834) revision 15263878'; Using compiler version '192829333'; Build Type 'Release'
OS: 'Windows 10  (10.0.19044) 64bit Education' Language: 'en' Physical Memory: 15722 MB
BatchMode: 1, IsHumanControllingUs: 0, StartBugReporterOnCrash: 0, Is64bit: 1, IsPro: 1

COMMAND LINE ARGUMENTS:
C:\Program Files\Unity\Hub\Editor\2021.3.15f1\Editor\Unity.exe
-adb2
-batchMode
-noUpm
-name
AssetImportWorker2
-projectPath
C:/Users/Adrian/My project
-logFile
Logs/AssetImportWorker2.log
-srvPort
58025
Successfully changed project path to: C:/Users/Adrian/My project
C:/Users/Adrian/My project
[UnityMemory] Configuration Parameters - Can be set up in boot.config
    "memorysetup-bucket-allocator-granularity=16"
    "memorysetup-bucket-allocator-bucket-count=8"
    "memorysetup-bucket-allocator-block-size=33554432"
    "memorysetup-bucket-allocator-block-count=8"
    "memorysetup-main-allocator-block-size=16777216"
    "memorysetup-thread-allocator-block-size=16777216"
    "memorysetup-gfx-main-allocator-block-size=16777216"
    "memorysetup-gfx-thread-allocator-block-size=16777216"
    "memorysetup-cache-allocator-block-size=4194304"
    "memorysetup-typetree-allocator-block-size=2097152"
    "memorysetup-profiler-bucket-allocator-granularity=16"
    "memorysetup-profiler-bucket-allocator-bucket-count=8"
    "memorysetup-profiler-bucket-allocator-block-size=33554432"
    "memorysetup-profiler-bucket-allocator-block-count=8"
    "memorysetup-profiler-allocator-block-size=16777216"
    "memorysetup-profiler-editor-allocator-block-size=1048576"
    "memorysetup-temp-allocator-size-main=16777216"
    "memorysetup-job-temp-allocator-block-size=2097152"
    "memorysetup-job-temp-allocator-block-size-background=1048576"
    "memorysetup-job-temp-allocator-reduction-small-platforms=262144"
    "memorysetup-temp-allocator-size-background-worker=32768"
    "memorysetup-temp-allocator-size-job-worker=262144"
    "memorysetup-temp-allocator-size-preload-manager=33554432"
    "memorysetup-temp-allocator-size-nav-mesh-worker=65536"
    "memorysetup-temp-allocator-size-audio-worker=65536"
    "memorysetup-temp-allocator-size-cloud-worker=32768"
    "memorysetup-temp-allocator-size-gi-baking-worker=262144"
    "memorysetup-temp-allocator-size-gfx=262144"
Player connection [11872] Host "[IP] 10.129.139.120 [Port] 0 [Flags] 2 [Guid] 3448998094 [EditorId] 3448998094 [Version] 1048832 [Id] WindowsEditor(7,DESKTOP-5DBLJAE) [Debug] 1 [PackageName] WindowsEditor [ProjectName] Editor" joined multi-casting on [225.0.0.222:54997]...

Player connection [11872] Host "[IP] 10.129.139.120 [Port] 0 [Flags] 2 [Guid] 3448998094 [EditorId] 3448998094 [Version] 1048832 [Id] WindowsEditor(7,DESKTOP-5DBLJAE) [Debug] 1 [PackageName] WindowsEditor [ProjectName] Editor" joined alternative multi-casting on [225.0.0.222:34997]...

Refreshing native plugins compatible for Editor in 130.74 ms, found 3 plugins.
Preloading 0 native plugins for Editor in 0.00 ms.
Initialize engine version: 2021.3.15f1 (e8e88683f834)
[Subsystems] Discovering subsystems at path C:/Program Files/Unity/Hub/Editor/2021.3.15f1/Editor/Data/Resources/UnitySubsystems
[Subsystems] Discovering subsystems at path C:/Users/Adrian/My project/Assets
GfxDevice: creating device client; threaded=0; jobified=0
Direct3D:
    Version:  Direct3D 11.0 [level 11.1]
    Renderer: AMD Radeon(TM) Graphics (ID=0x164c)
    Vendor:   ATI
    VRAM:     7861 MB
    Driver:   31.0.12015.1008
Initialize mono
Mono path[0] = 'C:/Program Files/Unity/Hub/Editor/2021.3.15f1/Editor/Data/Managed'
Mono path[1] = 'C:/Program Files/Unity/Hub/Editor/2021.3.15f1/Editor/Data/MonoBleedingEdge/lib/mono/unityjit-win32'
Mono config path = 'C:/Program Files/Unity/Hub/Editor/2021.3.15f1/Editor/Data/MonoBleedingEdge/etc'
Using monoOptions --debugger-agent=transport=dt_socket,embedding=1,server=y,suspend=n,address=127.0.0.1:56476
Begin MonoManager ReloadAssembly
Registering precompiled unity dll's ...
Register platform support module: C:/Program Files/Unity/Hub/Editor/2021.3.15f1/Editor/Data/PlaybackEngines/WebGLSupport/UnityEditor.WebGL.Extensions.dll
Register platform support module: C:/Program Files/Unity/Hub/Editor/2021.3.15f1/Editor/Data/PlaybackEngines/WindowsStandaloneSupport/UnityEditor.WindowsStandalone.Extensions.dll
Registered in 0.012900 seconds.
Native extension for WindowsStandalone target not found
Native extension for WebGL target not found
Refreshing native plugins compatible for Editor in 121.61 ms, found 3 plugins.
Preloading 0 native plugins for Editor in 0.00 ms.
Mono: successfully reloaded assembly
- Completed reload, in  1.080 seconds
Domain Reload Profiling:
	ReloadAssembly (1081ms)
		BeginReloadAssembly (147ms)
			ExecutionOrderSort (0ms)
			DisableScriptedObjects (0ms)
			BackupInstance (0ms)
			ReleaseScriptingObjects (0ms)
			CreateAndSetChildDomain (1ms)
		EndReloadAssembly (724ms)
			LoadAssemblies (145ms)
			RebuildTransferFunctionScriptingTraits (0ms)
			SetupTypeCache (175ms)
			ReleaseScriptCaches (0ms)
			RebuildScriptCaches (57ms)
			SetupLoadedEditorAssemblies (410ms)
				LogAssemblyErrors (0ms)
				InitializePlatformSupportModulesInManaged (14ms)
				SetLoadedEditorAssemblies (0ms)
				RefreshPlugins (122ms)
				BeforeProcessingInitializeOnLoad (2ms)
				ProcessInitializeOnLoadAttributes (206ms)
				ProcessInitializeOnLoadMethodAttributes (66ms)
				AfterProcessingInitializeOnLoad (0ms)
				EditorAssembliesLoaded (0ms)
			ExecutionOrderSort2 (0ms)
			AwakeInstancesAfterBackupRestoration (0ms)
Platform modules already initialized, skipping
Registering precompiled user dll's ...
Registered in 0.007953 seconds.
Begin MonoManager ReloadAssembly
Symbol file LoadedFromMemory doesn't match image C:\Users\Adrian\My project\Library\PackageCache\com.unity.visualscripting@1.7.8\Editor\VisualScripting.Core\Dependencies\YamlDotNet\Unity.VisualScripting.YamlDotNet.dll
Symbol file LoadedFromMemory doesn't match image C:\Users\Adrian\My project\Library\PackageCache\com.unity.visualscripting@1.7.8\Editor\VisualScripting.Core\Dependencies\DotNetZip\Unity.VisualScripting.IonicZip.dll
Native extension for WindowsStandalone target not found
Native extension for WebGL target not found
Refreshing native plugins compatible for Editor in 0.92 ms, found 3 plugins.
Preloading 0 native plugins for Editor in 0.00 ms.
Mono: successfully reloaded assembly
- Completed reload, in  1.547 seconds
Domain Reload Profiling:
	ReloadAssembly (1548ms)
		BeginReloadAssembly (184ms)
			ExecutionOrderSort (0ms)
			DisableScriptedObjects (8ms)
			BackupInstance (0ms)
			ReleaseScriptingObjects (0ms)
			CreateAndSetChildDomain (30ms)
		EndReloadAssembly (1196ms)
			LoadAssemblies (116ms)
			RebuildTransferFunctionScriptingTraits (0ms)
			SetupTypeCache (409ms)
			ReleaseScriptCaches (1ms)
			RebuildScriptCaches (78ms)
			SetupLoadedEditorAssemblies (540ms)
				LogAssemblyErrors (0ms)
				InitializePlatformSupportModulesInManaged (11ms)
				SetLoadedEditorAssemblies (1ms)
				RefreshPlugins (1ms)
				BeforeProcessingInitializeOnLoad (129ms)
				ProcessInitializeOnLoadAttributes (350ms)
				ProcessInitializeOnLoadMethodAttributes (37ms)
				AfterProcessingInitializeOnLoad (12ms)
				EditorAssembliesLoaded (0ms)
			ExecutionOrderSort2 (0ms)
			AwakeInstancesAfterBackupRestoration (11ms)
Platform modules already initialized, skipping
========================================================================
Worker process is ready to serve import requests
Launched and connected shader compiler UnityShaderCompiler.exe after 0.07 seconds
Refreshing native plugins compatible for Editor in 0.95 ms, found 3 plugins.
Preloading 0 native plugins for Editor in 0.00 ms.
Unloading 3367 Unused Serialized files (Serialized files now loaded: 0)
Unloading 27 unused Assets / (113.4 KB). Loaded Objects now: 3826.
Memory consumption went from 116.2 MB to 116.1 MB.
Total: 4.726000 ms (FindLiveObjects: 0.481300 ms CreateObjectMapping: 0.203500 ms MarkObjects: 3.877100 ms  DeleteObjects: 0.162000 ms)

AssetImportParameters requested are different than current active one (requested -> active):
  custom:video-decoder-ogg-theora: a1e56fd34408186e4bbccfd4996cb3dc -> 
  custom:container-muxer-webm: aa71ff27fc2769a1b78a27578f13a17b -> 
  custom:container-demuxer-webm: 4f35f7cbe854078d1ac9338744f61a02 -> 
  custom:video-encoder-webm-vp8: eb34c28f22e8b96e1ab97ce403110664 -> 
  custom:audio-encoder-webm-vorbis: bf7c407c2cedff20999df2af8eb42d56 -> 
  custom:framework-win-MediaFoundation: 216162199b28c13a410421893ffa2e32 -> 
  custom:container-demuxer-ogg: 62fdf1f143b41e24485cea50d1cbac27 -> 
  custom:video-decoder-webm-vp8: 9c59270c3fd7afecdb556c50c9e8de78 -> 
  custom:audio-decoder-ogg-vorbis: bf7c407c2cedff20999df2af8eb42d56 -> 
========================================================================
Received Prepare
Registering precompiled user dll's ...
Registered in 0.005887 seconds.
Begin MonoManager ReloadAssembly
Symbol file LoadedFromMemory doesn't match image C:\Users\Adrian\My project\Library\PackageCache\com.unity.visualscripting@1.7.8\Editor\VisualScripting.Core\Dependencies\YamlDotNet\Unity.VisualScripting.YamlDotNet.dll
Symbol file LoadedFromMemory doesn't match image C:\Users\Adrian\My project\Library\PackageCache\com.unity.visualscripting@1.7.8\Editor\VisualScripting.Core\Dependencies\DotNetZip\Unity.VisualScripting.IonicZip.dll
Native extension for WindowsStandalone target not found
Native extension for WebGL target not found
Refreshing native plugins compatible for Editor in 0.80 ms, found 3 plugins.
Preloading 0 native plugins for Editor in 0.00 ms.
Package Manager log level set to [2]
Mono: successfully reloaded assembly
- Completed reload, in  1.020 seconds
Domain Reload Profiling:
	ReloadAssembly (1020ms)
		BeginReloadAssembly (145ms)
			ExecutionOrderSort (0ms)
			DisableScriptedObjects (5ms)
			BackupInstance (0ms)
			ReleaseScriptingObjects (0ms)
			CreateAndSetChildDomain (41ms)
		EndReloadAssembly (784ms)
			LoadAssemblies (84ms)
			RebuildTransferFunctionScriptingTraits (0ms)
			SetupTypeCache (255ms)
			ReleaseScriptCaches (1ms)
			RebuildScriptCaches (40ms)
			SetupLoadedEditorAssemblies (361ms)
				LogAssemblyErrors (0ms)
				InitializePlatformSupportModulesInManaged (19ms)
				SetLoadedEditorAssemblies (0ms)
				RefreshPlugins (1ms)
				BeforeProcessingInitializeOnLoad (78ms)
				ProcessInitializeOnLoadAttributes (231ms)
				ProcessInitializeOnLoadMethodAttributes (23ms)
				AfterProcessingInitializeOnLoad (8ms)
				EditorAssembliesLoaded (0ms)
			ExecutionOrderSort2 (0ms)
			AwakeInstancesAfterBackupRestoration (6ms)
Platform modules already initialized, skipping
Refreshing native plugins compatible for Editor in 2.20 ms, found 3 plugins.
Preloading 0 native plugins for Editor in 0.00 ms.
Unloading 3368 Unused Serialized files (Serialized files now loaded: 0)
Unloading 27 unused Assets / (1.3 MB). Loaded Objects now: 3945.
Memory consumption went from 118.4 MB to 117.1 MB.
Total: 4.347200 ms (FindLiveObjects: 0.430300 ms CreateObjectMapping: 0.147900 ms MarkObjects: 3.140500 ms  DeleteObjects: 0.625800 ms)

AssetImportParameters requested are different than current active one (requested -> active):
  custom:video-decoder-ogg-theora: a1e56fd34408186e4bbccfd4996cb3dc -> 
  custom:container-muxer-webm: aa71ff27fc2769a1b78a27578f13a17b -> 
  custom:container-demuxer-webm: 4f35f7cbe854078d1ac9338744f61a02 -> 
  custom:video-encoder-webm-vp8: eb34c28f22e8b96e1ab97ce403110664 -> 
  custom:audio-encoder-webm-vorbis: bf7c407c2cedff20999df2af8eb42d56 -> 
  custom:framework-win-MediaFoundation: 216162199b28c13a410421893ffa2e32 -> 
  custom:container-demuxer-ogg: 62fdf1f143b41e24485cea50d1cbac27 -> 
  custom:video-decoder-webm-vp8: 9c59270c3fd7afecdb556c50c9e8de78 -> 
  custom:audio-decoder-ogg-vorbis: bf7c407c2cedff20999df2af8eb42d56 -> 
========================================================================
Received Import Request.
  Time since last request: 1479746.300056 seconds.
  path: Assets/EasyRoads3D scenes/Terrain Assets
  artifactKey: Guid(6ea6ef263c8eac24cb316a35ab86e202) Importer(815301076,1909f56bfc062723c751e8b465ee728b)
Start importing Assets/EasyRoads3D scenes/Terrain Assets using Guid(6ea6ef263c8eac24cb316a35ab86e202) Importer(815301076,1909f56bfc062723c751e8b465ee728b)  -> (artifact id: '50f7b97f51508b80b698f2d1189d3db8') in 0.020396 seconds 
========================================================================
Received Import Request.
  Time since last request: 0.011774 seconds.
  path: Assets/EasyRoads3D scenes/Terrain Assets/EasyRoads3D Terrain.asset
  artifactKey: Guid(74d798927bbdfd943b2206e8fe96f93a) Importer(815301076,1909f56bfc062723c751e8b465ee728b)
Start importing Assets/EasyRoads3D scenes/Terrain Assets/EasyRoads3D Terrain.asset using Guid(74d798927bbdfd943b2206e8fe96f93a) Importer(815301076,1909f56bfc062723c751e8b465ee728b)  -> (artifact id: '6db1e073f3d48dfa596ec5581ba5bd19') in 0.137352 seconds 
========================================================================
Received Import Request.
  Time since last request: 0.000051 seconds.
  path: Assets/EasyRoads3D scenes/Terrain Assets/sky ER.mat
  artifactKey: Guid(70ad4885b1f34044eb595ed36d9f1ef1) Importer(815301076,1909f56bfc062723c751e8b465ee728b)
Start importing Assets/EasyRoads3D scenes/Terrain Assets/sky ER.mat using Guid(70ad4885b1f34044eb595ed36d9f1ef1) Importer(815301076,1909f56bfc062723c751e8b465ee728b)  -> (artifact id: '9117259a8f4587a049b1f3900d9ad66d') in 0.257337 seconds 
========================================================================
Received Import Request.
  Time since last request: 770.270636 seconds.
  path: Assets/SimplePoly - Town Pack/Prefabs/Nature/sptp_bush_02.prefab
  artifactKey: Guid(b596eb5af66e89444beac675eae2c3a2) Importer(815301076,1909f56bfc062723c751e8b465ee728b)
Start importing Assets/SimplePoly - Town Pack/Prefabs/Nature/sptp_bush_02.prefab using Guid(b596eb5af66e89444beac675eae2c3a2) Importer(815301076,1909f56bfc062723c751e8b465ee728b)  -> (artifact id: '6197c471d3c63cc3394afbba28573723') in 0.144755 seconds 
========================================================================
Received Import Request.
  Time since last request: 0.000075 seconds.
  path: Assets/SimplePoly - Town Pack/Prefabs/Nature/sptp_stone_02.prefab
  artifactKey: Guid(a31d75f154921304794bf1d122281cac) Importer(815301076,1909f56bfc062723c751e8b465ee728b)
Start importing Assets/SimplePoly - Town Pack/Prefabs/Nature/sptp_stone_02.prefab using Guid(a31d75f154921304794bf1d122281cac) Importer(815301076,1909f56bfc062723c751e8b465ee728b)  -> (artifact id: 'f12aca952933e3052ea2817d842d33c2') in 0.083703 seconds 
========================================================================
Received Import Request.
  Time since last request: 0.000146 seconds.
  path: Assets/SimplePoly - Town Pack/Prefabs/Nature/sptp_tree_02.prefab
  artifactKey: Guid(c0f33eb139fcff34c8de2acd690a23fe) Importer(815301076,1909f56bfc062723c751e8b465ee728b)
Start importing Assets/SimplePoly - Town Pack/Prefabs/Nature/sptp_tree_02.prefab using Guid(c0f33eb139fcff34c8de2acd690a23fe) Importer(815301076,1909f56bfc062723c751e8b465ee728b)  -> (artifact id: 'fd15ded51640bf5d3bb8235753338478') in 0.062788 seconds 
========================================================================
Received Import Request.
  Time since last request: 0.000099 seconds.
  path: Assets/SimplePoly - Town Pack/Prefabs/Nature/sptp_tree_01.prefab
  artifactKey: Guid(bfdde53371ba3b349b61d5bafef700d7) Importer(815301076,1909f56bfc062723c751e8b465ee728b)
Start importing Assets/SimplePoly - Town Pack/Prefabs/Nature/sptp_tree_01.prefab using Guid(bfdde53371ba3b349b61d5bafef700d7) Importer(815301076,1909f56bfc062723c751e8b465ee728b)  -> (artifact id: '204ac6c5874be0afc65617b87c3527b8') in 0.065292 seconds 
========================================================================
Received Import Request.
  Time since last request: 1.796214 seconds.
  path: Assets/SimplePoly - Town Pack/Prefabs/Props/sptp_air_conditioning_02.prefab
  artifactKey: Guid(d0d7c624acaf68f4fbf6c22600228d36) Importer(815301076,1909f56bfc062723c751e8b465ee728b)
Start importing Assets/SimplePoly - Town Pack/Prefabs/Props/sptp_air_conditioning_02.prefab using Guid(d0d7c624acaf68f4fbf6c22600228d36) Importer(815301076,1909f56bfc062723c751e8b465ee728b)  -> (artifact id: 'ec3ea039972022e5a9414f3443a50d9f') in 0.048807 seconds 
========================================================================
Received Import Request.
  Time since last request: 0.000051 seconds.
  path: Assets/SimplePoly - Town Pack/Prefabs/Props/sptp_electrical_panel_01.prefab
  artifactKey: Guid(1d42226b8b4a94f4487b307b6b18dd43) Importer(815301076,1909f56bfc062723c751e8b465ee728b)
Start importing Assets/SimplePoly - Town Pack/Prefabs/Props/sptp_electrical_panel_01.prefab using Guid(1d42226b8b4a94f4487b307b6b18dd43) Importer(815301076,1909f56bfc062723c751e8b465ee728b)  -> (artifact id: '45904fedf1ccc44495390aa40c437e61') in 0.049239 seconds 
========================================================================
Received Import Request.
  Time since last request: 0.000045 seconds.
  path: Assets/SimplePoly - Town Pack/Prefabs/Props/sptp_dumpster_01.prefab
  artifactKey: Guid(8aed0f8fb93c2ed4c96a99dcc130b90d) Importer(815301076,1909f56bfc062723c751e8b465ee728b)
Start importing Assets/SimplePoly - Town Pack/Prefabs/Props/sptp_dumpster_01.prefab using Guid(8aed0f8fb93c2ed4c96a99dcc130b90d) Importer(815301076,1909f56bfc062723c751e8b465ee728b)  -> (artifact id: '4cc649c1f7cd10aeeb4de21065998787') in 0.049698 seconds 
========================================================================
Received Import Request.
  Time since last request: 0.000034 seconds.
  path: Assets/SimplePoly - Town Pack/Prefabs/Props/sptp_bin_02.prefab
  artifactKey: Guid(70ea0ba299bdf0a49a2af90f19b23cca) Importer(815301076,1909f56bfc062723c751e8b465ee728b)
Start importing Assets/SimplePoly - Town Pack/Prefabs/Props/sptp_bin_02.prefab using Guid(70ea0ba299bdf0a49a2af90f19b23cca) Importer(815301076,1909f56bfc062723c751e8b465ee728b)  -> (artifact id: 'f10999961ebac2d1ca1e639b578e49a7') in 0.043926 seconds 
========================================================================
Received Import Request.
  Time since last request: 0.000039 seconds.
  path: Assets/SimplePoly - Town Pack/Prefabs/Props/sptp_billboard_01.prefab
  artifactKey: Guid(2d7ff3605aa9cff4eb8e82f140a295da) Importer(815301076,1909f56bfc062723c751e8b465ee728b)
Start importing Assets/SimplePoly - Town Pack/Prefabs/Props/sptp_billboard_01.prefab using Guid(2d7ff3605aa9cff4eb8e82f140a295da) Importer(815301076,1909f56bfc062723c751e8b465ee728b)  -> (artifact id: '1614b7cf39d3e5b1d1dda8857b0b580b') in 0.047716 seconds 
========================================================================
Received Import Request.
  Time since last request: 0.000057 seconds.
  path: Assets/SimplePoly - Town Pack/Prefabs/Props/sptp_bin_01.prefab
  artifactKey: Guid(b3fd8ea55f8bdf9469ab92a17e818bc7) Importer(815301076,1909f56bfc062723c751e8b465ee728b)
Start importing Assets/SimplePoly - Town Pack/Prefabs/Props/sptp_bin_01.prefab using Guid(b3fd8ea55f8bdf9469ab92a17e818bc7) Importer(815301076,1909f56bfc062723c751e8b465ee728b)  -> (artifact id: '890ec908cdf796874904ddbfac515121') in 0.047345 seconds 
========================================================================
Received Import Request.
  Time since last request: 0.000082 seconds.
  path: Assets/SimplePoly - Town Pack/Prefabs/Props/sptp_mail_box_01.prefab
  artifactKey: Guid(8be6a5c88ef3420449ea4b8e6df23556) Importer(815301076,1909f56bfc062723c751e8b465ee728b)
Start importing Assets/SimplePoly - Town Pack/Prefabs/Props/sptp_mail_box_01.prefab using Guid(8be6a5c88ef3420449ea4b8e6df23556) Importer(815301076,1909f56bfc062723c751e8b465ee728b)  -> (artifact id: '362df4dbe160f7020430a751ec0e9b04') in 0.051360 seconds 
========================================================================
Received Import Request.
  Time since last request: 0.000046 seconds.
  path: Assets/SimplePoly - Town Pack/Prefabs/Props/sptp_air_conditioning_03.prefab
  artifactKey: Guid(156fad5b84ed1104d948668aca70b1ff) Importer(815301076,1909f56bfc062723c751e8b465ee728b)
Start importing Assets/SimplePoly - Town Pack/Prefabs/Props/sptp_air_conditioning_03.prefab using Guid(156fad5b84ed1104d948668aca70b1ff) Importer(815301076,1909f56bfc062723c751e8b465ee728b)  -> (artifact id: 'e67063f56010612842ac0632b30d548b') in 0.053525 seconds 
========================================================================
Received Import Request.
  Time since last request: 0.000035 seconds.
  path: Assets/SimplePoly - Town Pack/Prefabs/Props/sptp_street_light_01.prefab
  artifactKey: Guid(2cc5e9c8613078b47b47bdcf3dc32ae2) Importer(815301076,1909f56bfc062723c751e8b465ee728b)
Start importing Assets/SimplePoly - Town Pack/Prefabs/Props/sptp_street_light_01.prefab using Guid(2cc5e9c8613078b47b47bdcf3dc32ae2) Importer(815301076,1909f56bfc062723c751e8b465ee728b)  -> (artifact id: 'ec7c51e56d8a125402041ec9f6185efd') in 0.048196 seconds 
========================================================================
Received Import Request.
  Time since last request: 1.006380 seconds.
  path: Assets/SimplePoly - Town Pack/Prefabs/RoadSegments/sptp_grass_01.prefab
  artifactKey: Guid(a93a4058bd3225b4fb6d6b59fa5bc871) Importer(815301076,1909f56bfc062723c751e8b465ee728b)
Start importing Assets/SimplePoly - Town Pack/Prefabs/RoadSegments/sptp_grass_01.prefab using Guid(a93a4058bd3225b4fb6d6b59fa5bc871) Importer(815301076,1909f56bfc062723c751e8b465ee728b)  -> (artifact id: '0db457eb5bc637e119f45ef29195a955') in 0.094632 seconds 
========================================================================
Received Import Request.
  Time since last request: 0.000048 seconds.
  path: Assets/SimplePoly - Town Pack/Prefabs/RoadSegments/sptp_sidewalk_segment_03.prefab
  artifactKey: Guid(d59da3d7b9c463c478d64b0722fd1ff5) Importer(815301076,1909f56bfc062723c751e8b465ee728b)
Start importing Assets/SimplePoly - Town Pack/Prefabs/RoadSegments/sptp_sidewalk_segment_03.prefab using Guid(d59da3d7b9c463c478d64b0722fd1ff5) Importer(815301076,1909f56bfc062723c751e8b465ee728b)  -> (artifact id: '9b118ceb98d1f1f646e38b479c13bb42') in 0.058957 seconds 
========================================================================
Received Import Request.
  Time since last request: 0.000061 seconds.
  path: Assets/SimplePoly - Town Pack/Prefabs/RoadSegments/sptp_road_segment_13.prefab
  artifactKey: Guid(02f91f541e4bef1449cc4f1b3c5dd50a) Importer(815301076,1909f56bfc062723c751e8b465ee728b)
Start importing Assets/SimplePoly - Town Pack/Prefabs/RoadSegments/sptp_road_segment_13.prefab using Guid(02f91f541e4bef1449cc4f1b3c5dd50a) Importer(815301076,1909f56bfc062723c751e8b465ee728b)  -> (artifact id: 'b6e1d503448b74549bffe9b75292af08') in 0.046138 seconds 
========================================================================
Received Import Request.
  Time since last request: 0.000033 seconds.
  path: Assets/SimplePoly - Town Pack/Prefabs/RoadSegments/sptp_road_segment_04.prefab
  artifactKey: Guid(e4e5cb51e7d1bef41a5acb77c0759bd6) Importer(815301076,1909f56bfc062723c751e8b465ee728b)
Start importing Assets/SimplePoly - Town Pack/Prefabs/RoadSegments/sptp_road_segment_04.prefab using Guid(e4e5cb51e7d1bef41a5acb77c0759bd6) Importer(815301076,1909f56bfc062723c751e8b465ee728b)  -> (artifact id: '3e71fccd6f9d71103d3cb40904f59d1f') in 0.053365 seconds 
========================================================================
Received Import Request.
  Time since last request: 0.000037 seconds.
  path: Assets/SimplePoly - Town Pack/Prefabs/RoadSegments/sptp_street_concrete_01.prefab
  artifactKey: Guid(8b23b54510c08544b924f8e4502acc8f) Importer(815301076,1909f56bfc062723c751e8b465ee728b)
Start importing Assets/SimplePoly - Town Pack/Prefabs/RoadSegments/sptp_street_concrete_01.prefab using Guid(8b23b54510c08544b924f8e4502acc8f) Importer(815301076,1909f56bfc062723c751e8b465ee728b)  -> (artifact id: 'c52ffc0893ab128cfa427a1777725432') in 0.052869 seconds 
========================================================================
Received Import Request.
  Time since last request: 0.000085 seconds.
  path: Assets/SimplePoly - Town Pack/Prefabs/RoadSegments/sptp_road_segment_06.prefab
  artifactKey: Guid(1e7a99a3834321e4888e3895985b04cc) Importer(815301076,1909f56bfc062723c751e8b465ee728b)
Start importing Assets/SimplePoly - Town Pack/Prefabs/RoadSegments/sptp_road_segment_06.prefab using Guid(1e7a99a3834321e4888e3895985b04cc) Importer(815301076,1909f56bfc062723c751e8b465ee728b)  -> (artifact id: 'a4d88e006d99aa0e7bc3bca49638b857') in 0.055685 seconds 
========================================================================
Received Import Request.
  Time since last request: 0.000043 seconds.
  path: Assets/SimplePoly - Town Pack/Prefabs/RoadSegments/sptp_road_segment_08.prefab
  artifactKey: Guid(2735bdfa72e806248aafddd7a7ab3177) Importer(815301076,1909f56bfc062723c751e8b465ee728b)
Start importing Assets/SimplePoly - Town Pack/Prefabs/RoadSegments/sptp_road_segment_08.prefab using Guid(2735bdfa72e806248aafddd7a7ab3177) Importer(815301076,1909f56bfc062723c751e8b465ee728b)  -> (artifact id: '9d8b479188b06c967b5809cb9c99af9e') in 0.047908 seconds 
========================================================================
Received Import Request.
  Time since last request: 0.000113 seconds.
  path: Assets/SimplePoly - Town Pack/Prefabs/RoadSegments/sptp_road_segment_09.prefab
  artifactKey: Guid(52e3c281ef0f0ea4985188d26644edcb) Importer(815301076,1909f56bfc062723c751e8b465ee728b)
Start importing Assets/SimplePoly - Town Pack/Prefabs/RoadSegments/sptp_road_segment_09.prefab using Guid(52e3c281ef0f0ea4985188d26644edcb) Importer(815301076,1909f56bfc062723c751e8b465ee728b)  -> (artifact id: '7e5589e3569ba5969a2e5f9141fb2f11') in 0.054326 seconds 
========================================================================
Received Import Request.
  Time since last request: 0.000035 seconds.
  path: Assets/SimplePoly - Town Pack/Prefabs/RoadSegments/sptp_road_segment_03.prefab
  artifactKey: Guid(72194ced846018c41a130c6ba8b041a5) Importer(815301076,1909f56bfc062723c751e8b465ee728b)
Start importing Assets/SimplePoly - Town Pack/Prefabs/RoadSegments/sptp_road_segment_03.prefab using Guid(72194ced846018c41a130c6ba8b041a5) Importer(815301076,1909f56bfc062723c751e8b465ee728b)  -> (artifact id: 'ee7606cf20a3f16c5d4a1efe5137dc77') in 0.046705 seconds 
========================================================================
Received Import Request.
  Time since last request: 0.000046 seconds.
  path: Assets/SimplePoly - Town Pack/Prefabs/RoadSegments/sptp_sidewalk_segment_01.prefab
  artifactKey: Guid(038d62757c80f794bb10c0b00599087a) Importer(815301076,1909f56bfc062723c751e8b465ee728b)
Start importing Assets/SimplePoly - Town Pack/Prefabs/RoadSegments/sptp_sidewalk_segment_01.prefab using Guid(038d62757c80f794bb10c0b00599087a) Importer(815301076,1909f56bfc062723c751e8b465ee728b)  -> (artifact id: '235f54864a2597ac1431ca5afc6d43ee') in 0.048753 seconds 
========================================================================
Received Import Request.
  Time since last request: 0.000037 seconds.
  path: Assets/SimplePoly - Town Pack/Prefabs/RoadSegments/sptp_road_segment_02.prefab
  artifactKey: Guid(0aa3874478ee5bd499a237e5b988bbd8) Importer(815301076,1909f56bfc062723c751e8b465ee728b)
Start importing Assets/SimplePoly - Town Pack/Prefabs/RoadSegments/sptp_road_segment_02.prefab using Guid(0aa3874478ee5bd499a237e5b988bbd8) Importer(815301076,1909f56bfc062723c751e8b465ee728b)  -> (artifact id: '72001e0bf1a1c1b9b11455981863ab83') in 0.049853 seconds 
Editor requested this worker to shutdown with reason: Scaling down because of idle timeout
AssetImportWorker is now disconnected from the server
Process exiting
Exiting without the bug reporter. Application will terminate with return code 0