Using pre-set license
Built from '2021.3/staging' branch; Version is '2021.3.15f1 (e8e88683f834) revision 15263878'; Using compiler version '192829333'; Build Type 'Release'
OS: 'Windows 10  (10.0.19044) 64bit Education' Language: 'en' Physical Memory: 15722 MB
BatchMode: 1, IsHumanControllingUs: 0, StartBugReporterOnCrash: 0, Is64bit: 1, IsPro: 1

COMMAND LINE ARGUMENTS:
C:\Program Files\Unity\Hub\Editor\2021.3.15f1\Editor\Unity.exe
-adb2
-batchMode
-noUpm
-name
AssetImportWorker0
-projectPath
C:/Users/Adrian/My project
-logFile
Logs/AssetImportWorker0.log
-srvPort
58025
Successfully changed project path to: C:/Users/Adrian/My project
C:/Users/Adrian/My project
[UnityMemory] Configuration Parameters - Can be set up in boot.config
    "memorysetup-bucket-allocator-granularity=16"
    "memorysetup-bucket-allocator-bucket-count=8"
    "memorysetup-bucket-allocator-block-size=33554432"
    "memorysetup-bucket-allocator-block-count=8"
    "memorysetup-main-allocator-block-size=16777216"
    "memorysetup-thread-allocator-block-size=16777216"
    "memorysetup-gfx-main-allocator-block-size=16777216"
    "memorysetup-gfx-thread-allocator-block-size=16777216"
    "memorysetup-cache-allocator-block-size=4194304"
    "memorysetup-typetree-allocator-block-size=2097152"
    "memorysetup-profiler-bucket-allocator-granularity=16"
    "memorysetup-profiler-bucket-allocator-bucket-count=8"
    "memorysetup-profiler-bucket-allocator-block-size=33554432"
    "memorysetup-profiler-bucket-allocator-block-count=8"
    "memorysetup-profiler-allocator-block-size=16777216"
    "memorysetup-profiler-editor-allocator-block-size=1048576"
    "memorysetup-temp-allocator-size-main=16777216"
    "memorysetup-job-temp-allocator-block-size=2097152"
    "memorysetup-job-temp-allocator-block-size-background=1048576"
    "memorysetup-job-temp-allocator-reduction-small-platforms=262144"
    "memorysetup-temp-allocator-size-background-worker=32768"
    "memorysetup-temp-allocator-size-job-worker=262144"
    "memorysetup-temp-allocator-size-preload-manager=33554432"
    "memorysetup-temp-allocator-size-nav-mesh-worker=65536"
    "memorysetup-temp-allocator-size-audio-worker=65536"
    "memorysetup-temp-allocator-size-cloud-worker=32768"
    "memorysetup-temp-allocator-size-gi-baking-worker=262144"
    "memorysetup-temp-allocator-size-gfx=262144"
Player connection [9728] Host "[IP] 10.129.139.120 [Port] 0 [Flags] 2 [Guid] 3241185078 [EditorId] 3241185078 [Version] 1048832 [Id] WindowsEditor(7,DESKTOP-5DBLJAE) [Debug] 1 [PackageName] WindowsEditor [ProjectName] Editor" joined multi-casting on [225.0.0.222:54997]...

Player connection [9728] Host "[IP] 10.129.139.120 [Port] 0 [Flags] 2 [Guid] 3241185078 [EditorId] 3241185078 [Version] 1048832 [Id] WindowsEditor(7,DESKTOP-5DBLJAE) [Debug] 1 [PackageName] WindowsEditor [ProjectName] Editor" joined alternative multi-casting on [225.0.0.222:34997]...

Refreshing native plugins compatible for Editor in 120.69 ms, found 3 plugins.
Preloading 0 native plugins for Editor in 0.00 ms.
Initialize engine version: 2021.3.15f1 (e8e88683f834)
[Subsystems] Discovering subsystems at path C:/Program Files/Unity/Hub/Editor/2021.3.15f1/Editor/Data/Resources/UnitySubsystems
[Subsystems] Discovering subsystems at path C:/Users/Adrian/My project/Assets
GfxDevice: creating device client; threaded=0; jobified=0
Direct3D:
    Version:  Direct3D 11.0 [level 11.1]
    Renderer: AMD Radeon(TM) Graphics (ID=0x164c)
    Vendor:   ATI
    VRAM:     7861 MB
    Driver:   31.0.12015.1008
Initialize mono
Mono path[0] = 'C:/Program Files/Unity/Hub/Editor/2021.3.15f1/Editor/Data/Managed'
Mono path[1] = 'C:/Program Files/Unity/Hub/Editor/2021.3.15f1/Editor/Data/MonoBleedingEdge/lib/mono/unityjit-win32'
Mono config path = 'C:/Program Files/Unity/Hub/Editor/2021.3.15f1/Editor/Data/MonoBleedingEdge/etc'
Using monoOptions --debugger-agent=transport=dt_socket,embedding=1,server=y,suspend=n,address=127.0.0.1:56484
Begin MonoManager ReloadAssembly
Registering precompiled unity dll's ...
Register platform support module: C:/Program Files/Unity/Hub/Editor/2021.3.15f1/Editor/Data/PlaybackEngines/WebGLSupport/UnityEditor.WebGL.Extensions.dll
Register platform support module: C:/Program Files/Unity/Hub/Editor/2021.3.15f1/Editor/Data/PlaybackEngines/WindowsStandaloneSupport/UnityEditor.WindowsStandalone.Extensions.dll
Registered in 0.010390 seconds.
Native extension for WindowsStandalone target not found
Native extension for WebGL target not found
Refreshing native plugins compatible for Editor in 118.41 ms, found 3 plugins.
Preloading 0 native plugins for Editor in 0.00 ms.
Mono: successfully reloaded assembly
- Completed reload, in  0.944 seconds
Domain Reload Profiling:
	ReloadAssembly (945ms)
		BeginReloadAssembly (111ms)
			ExecutionOrderSort (0ms)
			DisableScriptedObjects (0ms)
			BackupInstance (0ms)
			ReleaseScriptingObjects (0ms)
			CreateAndSetChildDomain (1ms)
		EndReloadAssembly (662ms)
			LoadAssemblies (109ms)
			RebuildTransferFunctionScriptingTraits (0ms)
			SetupTypeCache (153ms)
			ReleaseScriptCaches (0ms)
			RebuildScriptCaches (41ms)
			SetupLoadedEditorAssemblies (396ms)
				LogAssemblyErrors (0ms)
				InitializePlatformSupportModulesInManaged (14ms)
				SetLoadedEditorAssemblies (0ms)
				RefreshPlugins (119ms)
				BeforeProcessingInitializeOnLoad (2ms)
				ProcessInitializeOnLoadAttributes (199ms)
				ProcessInitializeOnLoadMethodAttributes (63ms)
				AfterProcessingInitializeOnLoad (0ms)
				EditorAssembliesLoaded (0ms)
			ExecutionOrderSort2 (0ms)
			AwakeInstancesAfterBackupRestoration (0ms)
Platform modules already initialized, skipping
Registering precompiled user dll's ...
Registered in 0.007874 seconds.
Begin MonoManager ReloadAssembly
Symbol file LoadedFromMemory doesn't match image C:\Users\Adrian\My project\Library\PackageCache\com.unity.visualscripting@1.7.8\Editor\VisualScripting.Core\Dependencies\YamlDotNet\Unity.VisualScripting.YamlDotNet.dll
Symbol file LoadedFromMemory doesn't match image C:\Users\Adrian\My project\Library\PackageCache\com.unity.visualscripting@1.7.8\Editor\VisualScripting.Core\Dependencies\DotNetZip\Unity.VisualScripting.IonicZip.dll
Native extension for WindowsStandalone target not found
Native extension for WebGL target not found
Refreshing native plugins compatible for Editor in 0.85 ms, found 3 plugins.
Preloading 0 native plugins for Editor in 0.00 ms.
Mono: successfully reloaded assembly
- Completed reload, in  1.490 seconds
Domain Reload Profiling:
	ReloadAssembly (1491ms)
		BeginReloadAssembly (162ms)
			ExecutionOrderSort (0ms)
			DisableScriptedObjects (9ms)
			BackupInstance (0ms)
			ReleaseScriptingObjects (0ms)
			CreateAndSetChildDomain (28ms)
		EndReloadAssembly (1157ms)
			LoadAssemblies (119ms)
			RebuildTransferFunctionScriptingTraits (0ms)
			SetupTypeCache (390ms)
			ReleaseScriptCaches (1ms)
			RebuildScriptCaches (73ms)
			SetupLoadedEditorAssemblies (523ms)
				LogAssemblyErrors (0ms)
				InitializePlatformSupportModulesInManaged (10ms)
				SetLoadedEditorAssemblies (1ms)
				RefreshPlugins (1ms)
				BeforeProcessingInitializeOnLoad (128ms)
				ProcessInitializeOnLoadAttributes (338ms)
				ProcessInitializeOnLoadMethodAttributes (34ms)
				AfterProcessingInitializeOnLoad (11ms)
				EditorAssembliesLoaded (0ms)
			ExecutionOrderSort2 (0ms)
			AwakeInstancesAfterBackupRestoration (8ms)
Platform modules already initialized, skipping
========================================================================
Worker process is ready to serve import requests
Launched and connected shader compiler UnityShaderCompiler.exe after 0.07 seconds
Refreshing native plugins compatible for Editor in 0.86 ms, found 3 plugins.
Preloading 0 native plugins for Editor in 0.00 ms.
Unloading 3361 Unused Serialized files (Serialized files now loaded: 0)
Unloading 27 unused Assets / (113.4 KB). Loaded Objects now: 3818.
Memory consumption went from 115.6 MB to 115.5 MB.
Total: 5.711200 ms (FindLiveObjects: 0.439500 ms CreateObjectMapping: 0.146500 ms MarkObjects: 4.952800 ms  DeleteObjects: 0.170200 ms)

AssetImportParameters requested are different than current active one (requested -> active):
  custom:video-decoder-ogg-theora: a1e56fd34408186e4bbccfd4996cb3dc -> 
  custom:container-muxer-webm: aa71ff27fc2769a1b78a27578f13a17b -> 
  custom:container-demuxer-webm: 4f35f7cbe854078d1ac9338744f61a02 -> 
  custom:video-encoder-webm-vp8: eb34c28f22e8b96e1ab97ce403110664 -> 
  custom:audio-encoder-webm-vorbis: bf7c407c2cedff20999df2af8eb42d56 -> 
  custom:framework-win-MediaFoundation: 216162199b28c13a410421893ffa2e32 -> 
  custom:container-demuxer-ogg: 62fdf1f143b41e24485cea50d1cbac27 -> 
  custom:video-decoder-webm-vp8: 9c59270c3fd7afecdb556c50c9e8de78 -> 
  custom:audio-decoder-ogg-vorbis: bf7c407c2cedff20999df2af8eb42d56 -> 
========================================================================
Received Import Request.
  Time since last request: 1479471.421749 seconds.
  path: Packages/com.unity.services.core/package.json
  artifactKey: Guid(182c5bcc97fc21747a9ca5e01da1ed3f) Importer(815301076,1909f56bfc062723c751e8b465ee728b)
Start importing Packages/com.unity.services.core/package.json using Guid(182c5bcc97fc21747a9ca5e01da1ed3f) Importer(815301076,1909f56bfc062723c751e8b465ee728b)  -> (artifact id: '20a6ed344a8b1567929eab6e46b0672f') in 0.067039 seconds 
========================================================================
Received Import Request.
  Time since last request: 0.000031 seconds.
  path: Packages/com.unity.settings-manager/package.json
  artifactKey: Guid(3001f7491ac66e34a9694543d9f8b1ee) Importer(815301076,1909f56bfc062723c751e8b465ee728b)
Start importing Packages/com.unity.settings-manager/package.json using Guid(3001f7491ac66e34a9694543d9f8b1ee) Importer(815301076,1909f56bfc062723c751e8b465ee728b)  -> (artifact id: 'b16afbc5e1c81e578532a459c23bac45') in 0.011449 seconds 
========================================================================
Received Prepare
Registering precompiled user dll's ...
Registered in 0.009462 seconds.
Begin MonoManager ReloadAssembly
Symbol file LoadedFromMemory doesn't match image C:\Users\Adrian\My project\Library\PackageCache\com.unity.visualscripting@1.7.8\Editor\VisualScripting.Core\Dependencies\YamlDotNet\Unity.VisualScripting.YamlDotNet.dll
Symbol file LoadedFromMemory doesn't match image C:\Users\Adrian\My project\Library\PackageCache\com.unity.visualscripting@1.7.8\Editor\VisualScripting.Core\Dependencies\DotNetZip\Unity.VisualScripting.IonicZip.dll
Native extension for WindowsStandalone target not found
Native extension for WebGL target not found
Refreshing native plugins compatible for Editor in 0.94 ms, found 3 plugins.
Preloading 0 native plugins for Editor in 0.00 ms.
Mono: successfully reloaded assembly
- Completed reload, in  1.423 seconds
Domain Reload Profiling:
	ReloadAssembly (1424ms)
		BeginReloadAssembly (234ms)
			ExecutionOrderSort (0ms)
			DisableScriptedObjects (10ms)
			BackupInstance (0ms)
			ReleaseScriptingObjects (0ms)
			CreateAndSetChildDomain (68ms)
		EndReloadAssembly (1018ms)
			LoadAssemblies (142ms)
			RebuildTransferFunctionScriptingTraits (0ms)
			SetupTypeCache (405ms)
			ReleaseScriptCaches (2ms)
			RebuildScriptCaches (60ms)
			SetupLoadedEditorAssemblies (387ms)
				LogAssemblyErrors (0ms)
				InitializePlatformSupportModulesInManaged (17ms)
				SetLoadedEditorAssemblies (1ms)
				RefreshPlugins (1ms)
				BeforeProcessingInitializeOnLoad (83ms)
				ProcessInitializeOnLoadAttributes (251ms)
				ProcessInitializeOnLoadMethodAttributes (27ms)
				AfterProcessingInitializeOnLoad (8ms)
				EditorAssembliesLoaded (0ms)
			ExecutionOrderSort2 (0ms)
			AwakeInstancesAfterBackupRestoration (6ms)
Platform modules already initialized, skipping
Refreshing native plugins compatible for Editor in 2.36 ms, found 3 plugins.
Preloading 0 native plugins for Editor in 0.00 ms.
Unloading 3362 Unused Serialized files (Serialized files now loaded: 0)
Unloading 22 unused Assets / (210.2 KB). Loaded Objects now: 3826.
Memory consumption went from 116.0 MB to 115.8 MB.
Total: 3.867000 ms (FindLiveObjects: 0.343100 ms CreateObjectMapping: 0.097500 ms MarkObjects: 3.208900 ms  DeleteObjects: 0.215100 ms)

AssetImportParameters requested are different than current active one (requested -> active):
  custom:video-decoder-ogg-theora: a1e56fd34408186e4bbccfd4996cb3dc -> 
  custom:container-muxer-webm: aa71ff27fc2769a1b78a27578f13a17b -> 
  custom:container-demuxer-webm: 4f35f7cbe854078d1ac9338744f61a02 -> 
  custom:video-encoder-webm-vp8: eb34c28f22e8b96e1ab97ce403110664 -> 
  custom:audio-encoder-webm-vorbis: bf7c407c2cedff20999df2af8eb42d56 -> 
  custom:framework-win-MediaFoundation: 216162199b28c13a410421893ffa2e32 -> 
  custom:container-demuxer-ogg: 62fdf1f143b41e24485cea50d1cbac27 -> 
  custom:video-decoder-webm-vp8: 9c59270c3fd7afecdb556c50c9e8de78 -> 
  custom:audio-decoder-ogg-vorbis: bf7c407c2cedff20999df2af8eb42d56 -> 
========================================================================
Received Import Request.
  Time since last request: 81.758439 seconds.
  path: Assets/SimplePoly - Town Pack/DemoScene
  artifactKey: Guid(9466b19fc5cab754a9aa9bd2f1919fc5) Importer(815301076,1909f56bfc062723c751e8b465ee728b)
Start importing Assets/SimplePoly - Town Pack/DemoScene using Guid(9466b19fc5cab754a9aa9bd2f1919fc5) Importer(815301076,1909f56bfc062723c751e8b465ee728b)  -> (artifact id: '3705a24a6e32395f1a4e1313986d171e') in 0.022627 seconds 
========================================================================
Received Import Request.
  Time since last request: 8.355504 seconds.
  path: Assets/SimplePoly - Town Pack/DemoScene/DemoScene
  artifactKey: Guid(a027502def7642c47b1f504a5dde05d2) Importer(815301076,1909f56bfc062723c751e8b465ee728b)
Start importing Assets/SimplePoly - Town Pack/DemoScene/DemoScene using Guid(a027502def7642c47b1f504a5dde05d2) Importer(815301076,1909f56bfc062723c751e8b465ee728b)  -> (artifact id: '56a89886b3594160685d082fed81ca47') in 0.004076 seconds 
========================================================================
Received Import Request.
  Time since last request: 0.049557 seconds.
  path: Assets/SimplePoly - Town Pack/DemoScene/DemoScene/LightingData.asset
  artifactKey: Guid(45f01c8add84fcc4599e93e9a431fe21) Importer(815301076,1909f56bfc062723c751e8b465ee728b)
Start importing Assets/SimplePoly - Town Pack/DemoScene/DemoScene/LightingData.asset using Guid(45f01c8add84fcc4599e93e9a431fe21) Importer(815301076,1909f56bfc062723c751e8b465ee728b) Lighting data asset ‘LightingData’ is incompatible with the current Unity version. Please use Generate Lighting to rebuild the lighting data. Realtime Global Illumination cannot be used until the lighting data is rebuilt.
Lighting data asset ‘LightingData’ is incompatible with the current Unity version because the scene it was baked for was not serialized. Please use Generate Lighting to rebuild the lighting data, or assign the target scene to the Lighting Data Asset in the inspector.
 -> (artifact id: '4c24d75c955a4c57345508df8561cb80') in 0.034231 seconds 
========================================================================
Received Import Request.
  Time since last request: 5.640391 seconds.
  path: Assets/SimplePoly - Town Pack/DemoScene/DemoScene/Materials
  artifactKey: Guid(a8b523228bb3046439e94a451025a2b1) Importer(815301076,1909f56bfc062723c751e8b465ee728b)
Start importing Assets/SimplePoly - Town Pack/DemoScene/DemoScene/Materials using Guid(a8b523228bb3046439e94a451025a2b1) Importer(815301076,1909f56bfc062723c751e8b465ee728b)  -> (artifact id: '6d12770e7ebc1d54e3cfaafb85ef7835') in 0.012991 seconds 
========================================================================
Received Import Request.
  Time since last request: 0.028973 seconds.
  path: Assets/SimplePoly - Town Pack/DemoScene/DemoScene/Materials/ReflectionProbe-0.mat
  artifactKey: Guid(609d574db225f3348b41c943b14cf26a) Importer(815301076,1909f56bfc062723c751e8b465ee728b)
Start importing Assets/SimplePoly - Town Pack/DemoScene/DemoScene/Materials/ReflectionProbe-0.mat using Guid(609d574db225f3348b41c943b14cf26a) Importer(815301076,1909f56bfc062723c751e8b465ee728b)  -> (artifact id: '30d4a71d01550792b2a7dfe7802a1b82') in 0.185877 seconds 
========================================================================
Received Import Request.
  Time since last request: 11.945573 seconds.
  path: Assets/SimplePoly - Town Pack/Materials/sptp_Main_Mat.mat
  artifactKey: Guid(efc5c571bbbc3d948ada09120e19266f) Importer(815301076,1909f56bfc062723c751e8b465ee728b)
Start importing Assets/SimplePoly - Town Pack/Materials/sptp_Main_Mat.mat using Guid(efc5c571bbbc3d948ada09120e19266f) Importer(815301076,1909f56bfc062723c751e8b465ee728b)  -> (artifact id: 'a81c0243f63a8fd8f6813691792adb0e') in 0.205059 seconds 
========================================================================
Received Import Request.
  Time since last request: 7.676631 seconds.
  path: Assets/SimplePoly - Town Pack/Textures/sptp_Main_Texture.png
  artifactKey: Guid(b42e91acc804c4a4f8f4e03714d63ac7) Importer(815301076,1909f56bfc062723c751e8b465ee728b)
Start importing Assets/SimplePoly - Town Pack/Textures/sptp_Main_Texture.png using Guid(b42e91acc804c4a4f8f4e03714d63ac7) Importer(815301076,1909f56bfc062723c751e8b465ee728b)  -> (artifact id: 'bcc4ffabbd560ab9533bbaf359c4900f') in 0.105436 seconds 
========================================================================
Received Import Request.
  Time since last request: 3.582834 seconds.
  path: Assets/SimplePoly - Town Pack/Prefabs/Buildings
  artifactKey: Guid(465c822d0d7834f4bb5c56aab9c9e3dc) Importer(815301076,1909f56bfc062723c751e8b465ee728b)
Start importing Assets/SimplePoly - Town Pack/Prefabs/Buildings using Guid(465c822d0d7834f4bb5c56aab9c9e3dc) Importer(815301076,1909f56bfc062723c751e8b465ee728b)  -> (artifact id: '80949cedf8e0d6074ebf3bdc1ae55ac6') in 0.013330 seconds 
========================================================================
Received Import Request.
  Time since last request: 0.040717 seconds.
  path: Assets/SimplePoly - Town Pack/Prefabs/Buildings/sptp_building_01.prefab
  artifactKey: Guid(85c5ecd5a01f542499944cbfe9dd1cf8) Importer(815301076,1909f56bfc062723c751e8b465ee728b)
Start importing Assets/SimplePoly - Town Pack/Prefabs/Buildings/sptp_building_01.prefab using Guid(85c5ecd5a01f542499944cbfe9dd1cf8) Importer(815301076,1909f56bfc062723c751e8b465ee728b)  -> (artifact id: 'c547b085bbe78d14c78b18b3fb219fbd') in 0.072415 seconds 
========================================================================
Received Import Request.
  Time since last request: 0.000053 seconds.
  path: Assets/SimplePoly - Town Pack/Prefabs/Buildings/sptp_building_05.prefab
  artifactKey: Guid(376c64c4248da1c478df047404ec6663) Importer(815301076,1909f56bfc062723c751e8b465ee728b)
Start importing Assets/SimplePoly - Town Pack/Prefabs/Buildings/sptp_building_05.prefab using Guid(376c64c4248da1c478df047404ec6663) Importer(815301076,1909f56bfc062723c751e8b465ee728b)  -> (artifact id: 'ee4b63da757d9a9f9fb8a2b6a8fa8e12') in 0.046195 seconds 
========================================================================
Received Import Request.
  Time since last request: 0.000043 seconds.
  path: Assets/SimplePoly - Town Pack/Prefabs/Buildings/sptp_building_23.prefab
  artifactKey: Guid(8c61acc35acbd6d489977c81317f86f3) Importer(815301076,1909f56bfc062723c751e8b465ee728b)
Start importing Assets/SimplePoly - Town Pack/Prefabs/Buildings/sptp_building_23.prefab using Guid(8c61acc35acbd6d489977c81317f86f3) Importer(815301076,1909f56bfc062723c751e8b465ee728b)  -> (artifact id: '648346beb9b533a54dfd957fb071f44f') in 0.047520 seconds 
========================================================================
Received Import Request.
  Time since last request: 0.000056 seconds.
  path: Assets/SimplePoly - Town Pack/Prefabs/Buildings/sptp_building_25.prefab
  artifactKey: Guid(7538a3c85f736c74ea56d203349fde92) Importer(815301076,1909f56bfc062723c751e8b465ee728b)
Start importing Assets/SimplePoly - Town Pack/Prefabs/Buildings/sptp_building_25.prefab using Guid(7538a3c85f736c74ea56d203349fde92) Importer(815301076,1909f56bfc062723c751e8b465ee728b)  -> (artifact id: 'b814ddbaee841317cd9aae5eb533d070') in 0.045624 seconds 
========================================================================
Received Import Request.
  Time since last request: 0.000096 seconds.
  path: Assets/SimplePoly - Town Pack/Prefabs/Buildings/sptp_building_20.prefab
  artifactKey: Guid(21d87f071ff58334bafd1d0529a95433) Importer(815301076,1909f56bfc062723c751e8b465ee728b)
Start importing Assets/SimplePoly - Town Pack/Prefabs/Buildings/sptp_building_20.prefab using Guid(21d87f071ff58334bafd1d0529a95433) Importer(815301076,1909f56bfc062723c751e8b465ee728b)  -> (artifact id: 'b0fd2bc7c0e53f8f5fcbadc8bd66b7a5') in 0.049245 seconds 
========================================================================
Received Import Request.
  Time since last request: 0.000034 seconds.
  path: Assets/SimplePoly - Town Pack/Prefabs/Buildings/sptp_building_12.prefab
  artifactKey: Guid(fa1f7e3bec326074c8e0ba873be41681) Importer(815301076,1909f56bfc062723c751e8b465ee728b)
Start importing Assets/SimplePoly - Town Pack/Prefabs/Buildings/sptp_building_12.prefab using Guid(fa1f7e3bec326074c8e0ba873be41681) Importer(815301076,1909f56bfc062723c751e8b465ee728b)  -> (artifact id: '4ce6b7127df9563ecc9c1ff2317562d7') in 0.049694 seconds 
========================================================================
Received Import Request.
  Time since last request: 0.000043 seconds.
  path: Assets/SimplePoly - Town Pack/Prefabs/Buildings/sptp_building_21.prefab
  artifactKey: Guid(8ff373953893b2c44968fbf1e5c2d186) Importer(815301076,1909f56bfc062723c751e8b465ee728b)
Start importing Assets/SimplePoly - Town Pack/Prefabs/Buildings/sptp_building_21.prefab using Guid(8ff373953893b2c44968fbf1e5c2d186) Importer(815301076,1909f56bfc062723c751e8b465ee728b)  -> (artifact id: '117925dcdf2e63c477401aa4318ca8f8') in 0.048025 seconds 
========================================================================
Received Import Request.
  Time since last request: 0.000039 seconds.
  path: Assets/SimplePoly - Town Pack/Prefabs/Buildings/sptp_building_09.prefab
  artifactKey: Guid(f7b79bbc99e117943ab5fb1dd6330136) Importer(815301076,1909f56bfc062723c751e8b465ee728b)
Start importing Assets/SimplePoly - Town Pack/Prefabs/Buildings/sptp_building_09.prefab using Guid(f7b79bbc99e117943ab5fb1dd6330136) Importer(815301076,1909f56bfc062723c751e8b465ee728b)  -> (artifact id: '3e493c9caaec2cdf643d3879de8d081d') in 0.050506 seconds 
========================================================================
Received Import Request.
  Time since last request: 0.000080 seconds.
  path: Assets/SimplePoly - Town Pack/Prefabs/Buildings/sptp_building_32.prefab
  artifactKey: Guid(e3e68252ae8afc94a82589696a7c236c) Importer(815301076,1909f56bfc062723c751e8b465ee728b)
Start importing Assets/SimplePoly - Town Pack/Prefabs/Buildings/sptp_building_32.prefab using Guid(e3e68252ae8afc94a82589696a7c236c) Importer(815301076,1909f56bfc062723c751e8b465ee728b)  -> (artifact id: '345fdc21a23e22c272a017c464520f88') in 0.054586 seconds 
========================================================================
Received Import Request.
  Time since last request: 0.000095 seconds.
  path: Assets/SimplePoly - Town Pack/Prefabs/Buildings/sptp_building_18.prefab
  artifactKey: Guid(a03a9df0edb623a4095e3b307f481082) Importer(815301076,1909f56bfc062723c751e8b465ee728b)
Start importing Assets/SimplePoly - Town Pack/Prefabs/Buildings/sptp_building_18.prefab using Guid(a03a9df0edb623a4095e3b307f481082) Importer(815301076,1909f56bfc062723c751e8b465ee728b)  -> (artifact id: '98fe826de0dd1b7432f51ffa71ee6ecf') in 0.057392 seconds 
========================================================================
Received Import Request.
  Time since last request: 0.000038 seconds.
  path: Assets/SimplePoly - Town Pack/Prefabs/Buildings/sptp_building_29.prefab
  artifactKey: Guid(b0c1f1679136b9a47960b48b5e0f5b52) Importer(815301076,1909f56bfc062723c751e8b465ee728b)
Start importing Assets/SimplePoly - Town Pack/Prefabs/Buildings/sptp_building_29.prefab using Guid(b0c1f1679136b9a47960b48b5e0f5b52) Importer(815301076,1909f56bfc062723c751e8b465ee728b)  -> (artifact id: '079502c9971c3c4ba623c79a8ad2e564') in 0.047062 seconds 
========================================================================
Received Import Request.
  Time since last request: 0.000037 seconds.
  path: Assets/SimplePoly - Town Pack/Prefabs/Buildings/sptp_building_08.prefab
  artifactKey: Guid(30e2a587c4604ce43802c7a63b6638ed) Importer(815301076,1909f56bfc062723c751e8b465ee728b)
Start importing Assets/SimplePoly - Town Pack/Prefabs/Buildings/sptp_building_08.prefab using Guid(30e2a587c4604ce43802c7a63b6638ed) Importer(815301076,1909f56bfc062723c751e8b465ee728b)  -> (artifact id: '7fa6e42ddaa1f483b43c124c3c15ef96') in 0.054417 seconds 
========================================================================
Received Import Request.
  Time since last request: 0.000097 seconds.
  path: Assets/SimplePoly - Town Pack/Prefabs/Buildings/sptp_building_31.prefab
  artifactKey: Guid(219b2a76565a01240a8f893539b9309a) Importer(815301076,1909f56bfc062723c751e8b465ee728b)
Start importing Assets/SimplePoly - Town Pack/Prefabs/Buildings/sptp_building_31.prefab using Guid(219b2a76565a01240a8f893539b9309a) Importer(815301076,1909f56bfc062723c751e8b465ee728b)  -> (artifact id: '0c4c2bbb635bdcb779a1100da79c90d0') in 0.056145 seconds 
========================================================================
Received Import Request.
  Time since last request: 0.000058 seconds.
  path: Assets/SimplePoly - Town Pack/Prefabs/Buildings/sptp_building_10.prefab
  artifactKey: Guid(6d7985f8534d19e4b8c5bc52a92a075a) Importer(815301076,1909f56bfc062723c751e8b465ee728b)
Start importing Assets/SimplePoly - Town Pack/Prefabs/Buildings/sptp_building_10.prefab using Guid(6d7985f8534d19e4b8c5bc52a92a075a) Importer(815301076,1909f56bfc062723c751e8b465ee728b)  -> (artifact id: 'b171ddb67caaf0149cb01ae48f76aec9') in 0.048729 seconds 
========================================================================
Received Import Request.
  Time since last request: 0.000053 seconds.
  path: Assets/SimplePoly - Town Pack/Prefabs/Buildings/sptp_building_35.prefab
  artifactKey: Guid(eae796383f4a9a840ba3676f3b03efbf) Importer(815301076,1909f56bfc062723c751e8b465ee728b)
Start importing Assets/SimplePoly - Town Pack/Prefabs/Buildings/sptp_building_35.prefab using Guid(eae796383f4a9a840ba3676f3b03efbf) Importer(815301076,1909f56bfc062723c751e8b465ee728b)  -> (artifact id: '239b1760d6019ecbb9b3e2279965bc08') in 0.049514 seconds 
========================================================================
Received Import Request.
  Time since last request: 0.000043 seconds.
  path: Assets/SimplePoly - Town Pack/Prefabs/Buildings/sptp_building_14.prefab
  artifactKey: Guid(7ad2e20841a11954f8a84f88e5175cf2) Importer(815301076,1909f56bfc062723c751e8b465ee728b)
Start importing Assets/SimplePoly - Town Pack/Prefabs/Buildings/sptp_building_14.prefab using Guid(7ad2e20841a11954f8a84f88e5175cf2) Importer(815301076,1909f56bfc062723c751e8b465ee728b)  -> (artifact id: 'e89d352cb9447ba77f3dfdc905e0c248') in 0.051356 seconds 
========================================================================
Received Import Request.
  Time since last request: 0.000042 seconds.
  path: Assets/SimplePoly - Town Pack/Prefabs/Buildings/sptp_building_16.prefab
  artifactKey: Guid(a9b79d749ced56c4e8b559a4f12d0a69) Importer(815301076,1909f56bfc062723c751e8b465ee728b)
Start importing Assets/SimplePoly - Town Pack/Prefabs/Buildings/sptp_building_16.prefab using Guid(a9b79d749ced56c4e8b559a4f12d0a69) Importer(815301076,1909f56bfc062723c751e8b465ee728b)  -> (artifact id: '71b572bf9f3ddbd1244da1018ab23a9e') in 0.056297 seconds 
========================================================================
Received Import Request.
  Time since last request: 0.000044 seconds.
  path: Assets/SimplePoly - Town Pack/Prefabs/Buildings/sptp_building_06.prefab
  artifactKey: Guid(d626666846aaa4740be705007a456295) Importer(815301076,1909f56bfc062723c751e8b465ee728b)
Start importing Assets/SimplePoly - Town Pack/Prefabs/Buildings/sptp_building_06.prefab using Guid(d626666846aaa4740be705007a456295) Importer(815301076,1909f56bfc062723c751e8b465ee728b)  -> (artifact id: 'ba55dfd6027a5faffa525ad9292bb3e8') in 0.054450 seconds 
========================================================================
Received Import Request.
  Time since last request: 0.000061 seconds.
  path: Assets/SimplePoly - Town Pack/Prefabs/Buildings/sptp_building_28.prefab
  artifactKey: Guid(09676f1ba84ec5d48912d47723cefe7e) Importer(815301076,1909f56bfc062723c751e8b465ee728b)
Start importing Assets/SimplePoly - Town Pack/Prefabs/Buildings/sptp_building_28.prefab using Guid(09676f1ba84ec5d48912d47723cefe7e) Importer(815301076,1909f56bfc062723c751e8b465ee728b)  -> (artifact id: 'abfc1e5ebe5df4d285789c33f8e56e01') in 0.057715 seconds 
Editor requested this worker to shutdown with reason: Scaling down because of idle timeout
AssetImportWorker is now disconnected from the server
Process exiting
Exiting without the bug reporter. Application will terminate with return code 0