Using pre-set license
Built from '2021.3/staging' branch; Version is '2021.3.15f1 (e8e88683f834) revision 15263878'; Using compiler version '192829333'; Build Type 'Release'
OS: 'Windows 10  (10.0.19044) 64bit Education' Language: 'en' Physical Memory: 15722 MB
BatchMode: 1, IsHumanControllingUs: 0, StartBugReporterOnCrash: 0, Is64bit: 1, IsPro: 1

COMMAND LINE ARGUMENTS:
C:\Program Files\Unity\Hub\Editor\2021.3.15f1\Editor\Unity.exe
-adb2
-batchMode
-noUpm
-name
AssetImportWorker5
-projectPath
C:/Users/Adrian/My project
-logFile
Logs/AssetImportWorker5.log
-srvPort
58025
Successfully changed project path to: C:/Users/Adrian/My project
C:/Users/Adrian/My project
[UnityMemory] Configuration Parameters - Can be set up in boot.config
    "memorysetup-bucket-allocator-granularity=16"
    "memorysetup-bucket-allocator-bucket-count=8"
    "memorysetup-bucket-allocator-block-size=33554432"
    "memorysetup-bucket-allocator-block-count=8"
    "memorysetup-main-allocator-block-size=16777216"
    "memorysetup-thread-allocator-block-size=16777216"
    "memorysetup-gfx-main-allocator-block-size=16777216"
    "memorysetup-gfx-thread-allocator-block-size=16777216"
    "memorysetup-cache-allocator-block-size=4194304"
    "memorysetup-typetree-allocator-block-size=2097152"
    "memorysetup-profiler-bucket-allocator-granularity=16"
    "memorysetup-profiler-bucket-allocator-bucket-count=8"
    "memorysetup-profiler-bucket-allocator-block-size=33554432"
    "memorysetup-profiler-bucket-allocator-block-count=8"
    "memorysetup-profiler-allocator-block-size=16777216"
    "memorysetup-profiler-editor-allocator-block-size=1048576"
    "memorysetup-temp-allocator-size-main=16777216"
    "memorysetup-job-temp-allocator-block-size=2097152"
    "memorysetup-job-temp-allocator-block-size-background=1048576"
    "memorysetup-job-temp-allocator-reduction-small-platforms=262144"
    "memorysetup-temp-allocator-size-background-worker=32768"
    "memorysetup-temp-allocator-size-job-worker=262144"
    "memorysetup-temp-allocator-size-preload-manager=33554432"
    "memorysetup-temp-allocator-size-nav-mesh-worker=65536"
    "memorysetup-temp-allocator-size-audio-worker=65536"
    "memorysetup-temp-allocator-size-cloud-worker=32768"
    "memorysetup-temp-allocator-size-gi-baking-worker=262144"
    "memorysetup-temp-allocator-size-gfx=262144"
Player connection [11508] Host "[IP] 10.129.139.120 [Port] 0 [Flags] 2 [Guid] 62711958 [EditorId] 62711958 [Version] 1048832 [Id] WindowsEditor(7,DESKTOP-5DBLJAE) [Debug] 1 [PackageName] WindowsEditor [ProjectName] Editor" joined multi-casting on [225.0.0.222:54997]...

Player connection [11508] Host "[IP] 10.129.139.120 [Port] 0 [Flags] 2 [Guid] 62711958 [EditorId] 62711958 [Version] 1048832 [Id] WindowsEditor(7,DESKTOP-5DBLJAE) [Debug] 1 [PackageName] WindowsEditor [ProjectName] Editor" joined alternative multi-casting on [225.0.0.222:34997]...

Refreshing native plugins compatible for Editor in 149.18 ms, found 3 plugins.
Preloading 0 native plugins for Editor in 0.00 ms.
Initialize engine version: 2021.3.15f1 (e8e88683f834)
[Subsystems] Discovering subsystems at path C:/Program Files/Unity/Hub/Editor/2021.3.15f1/Editor/Data/Resources/UnitySubsystems
[Subsystems] Discovering subsystems at path C:/Users/Adrian/My project/Assets
GfxDevice: creating device client; threaded=0; jobified=0
Direct3D:
    Version:  Direct3D 11.0 [level 11.1]
    Renderer: AMD Radeon(TM) Graphics (ID=0x164c)
    Vendor:   ATI
    VRAM:     7861 MB
    Driver:   31.0.12015.1008
Initialize mono
Mono path[0] = 'C:/Program Files/Unity/Hub/Editor/2021.3.15f1/Editor/Data/Managed'
Mono path[1] = 'C:/Program Files/Unity/Hub/Editor/2021.3.15f1/Editor/Data/MonoBleedingEdge/lib/mono/unityjit-win32'
Mono config path = 'C:/Program Files/Unity/Hub/Editor/2021.3.15f1/Editor/Data/MonoBleedingEdge/etc'
Using monoOptions --debugger-agent=transport=dt_socket,embedding=1,server=y,suspend=n,address=127.0.0.1:56276
Begin MonoManager ReloadAssembly
Registering precompiled unity dll's ...
Register platform support module: C:/Program Files/Unity/Hub/Editor/2021.3.15f1/Editor/Data/PlaybackEngines/WebGLSupport/UnityEditor.WebGL.Extensions.dll
Register platform support module: C:/Program Files/Unity/Hub/Editor/2021.3.15f1/Editor/Data/PlaybackEngines/WindowsStandaloneSupport/UnityEditor.WindowsStandalone.Extensions.dll
Registered in 0.013263 seconds.
Native extension for WindowsStandalone target not found
Native extension for WebGL target not found
Refreshing native plugins compatible for Editor in 126.82 ms, found 3 plugins.
Preloading 0 native plugins for Editor in 0.00 ms.
Mono: successfully reloaded assembly
- Completed reload, in  1.030 seconds
Domain Reload Profiling:
	ReloadAssembly (1031ms)
		BeginReloadAssembly (119ms)
			ExecutionOrderSort (0ms)
			DisableScriptedObjects (0ms)
			BackupInstance (0ms)
			ReleaseScriptingObjects (0ms)
			CreateAndSetChildDomain (1ms)
		EndReloadAssembly (707ms)
			LoadAssemblies (116ms)
			RebuildTransferFunctionScriptingTraits (0ms)
			SetupTypeCache (187ms)
			ReleaseScriptCaches (0ms)
			RebuildScriptCaches (41ms)
			SetupLoadedEditorAssemblies (405ms)
				LogAssemblyErrors (0ms)
				InitializePlatformSupportModulesInManaged (13ms)
				SetLoadedEditorAssemblies (0ms)
				RefreshPlugins (127ms)
				BeforeProcessingInitializeOnLoad (2ms)
				ProcessInitializeOnLoadAttributes (198ms)
				ProcessInitializeOnLoadMethodAttributes (64ms)
				AfterProcessingInitializeOnLoad (0ms)
				EditorAssembliesLoaded (0ms)
			ExecutionOrderSort2 (0ms)
			AwakeInstancesAfterBackupRestoration (0ms)
Platform modules already initialized, skipping
Registering precompiled user dll's ...
Registered in 0.009225 seconds.
Begin MonoManager ReloadAssembly
Symbol file LoadedFromMemory doesn't match image C:\Users\Adrian\My project\Library\PackageCache\com.unity.visualscripting@1.7.8\Editor\VisualScripting.Core\Dependencies\YamlDotNet\Unity.VisualScripting.YamlDotNet.dll
Symbol file LoadedFromMemory doesn't match image C:\Users\Adrian\My project\Library\PackageCache\com.unity.visualscripting@1.7.8\Editor\VisualScripting.Core\Dependencies\DotNetZip\Unity.VisualScripting.IonicZip.dll
Native extension for WindowsStandalone target not found
Native extension for WebGL target not found
Refreshing native plugins compatible for Editor in 1.16 ms, found 3 plugins.
Preloading 0 native plugins for Editor in 0.00 ms.
Package Manager log level set to [2]
Mono: successfully reloaded assembly
- Completed reload, in  1.782 seconds
Domain Reload Profiling:
	ReloadAssembly (1783ms)
		BeginReloadAssembly (155ms)
			ExecutionOrderSort (0ms)
			DisableScriptedObjects (8ms)
			BackupInstance (0ms)
			ReleaseScriptingObjects (0ms)
			CreateAndSetChildDomain (28ms)
		EndReloadAssembly (1454ms)
			LoadAssemblies (124ms)
			RebuildTransferFunctionScriptingTraits (0ms)
			SetupTypeCache (526ms)
			ReleaseScriptCaches (1ms)
			RebuildScriptCaches (109ms)
			SetupLoadedEditorAssemblies (606ms)
				LogAssemblyErrors (0ms)
				InitializePlatformSupportModulesInManaged (14ms)
				SetLoadedEditorAssemblies (1ms)
				RefreshPlugins (1ms)
				BeforeProcessingInitializeOnLoad (158ms)
				ProcessInitializeOnLoadAttributes (376ms)
				ProcessInitializeOnLoadMethodAttributes (42ms)
				AfterProcessingInitializeOnLoad (12ms)
				EditorAssembliesLoaded (0ms)
			ExecutionOrderSort2 (0ms)
			AwakeInstancesAfterBackupRestoration (10ms)
Platform modules already initialized, skipping
========================================================================
Worker process is ready to serve import requests
Launched and connected shader compiler UnityShaderCompiler.exe after 0.06 seconds
Refreshing native plugins compatible for Editor in 0.90 ms, found 3 plugins.
Preloading 0 native plugins for Editor in 0.00 ms.
Unloading 3374 Unused Serialized files (Serialized files now loaded: 0)
Unloading 30 unused Assets / (117.6 KB). Loaded Objects now: 3947.
Memory consumption went from 119.2 MB to 119.1 MB.
Total: 5.203500 ms (FindLiveObjects: 0.411600 ms CreateObjectMapping: 0.142100 ms MarkObjects: 4.445200 ms  DeleteObjects: 0.202300 ms)

AssetImportParameters requested are different than current active one (requested -> active):
  custom:video-decoder-ogg-theora: a1e56fd34408186e4bbccfd4996cb3dc -> 
  custom:container-muxer-webm: aa71ff27fc2769a1b78a27578f13a17b -> 
  custom:container-demuxer-webm: 4f35f7cbe854078d1ac9338744f61a02 -> 
  custom:video-encoder-webm-vp8: eb34c28f22e8b96e1ab97ce403110664 -> 
  custom:audio-encoder-webm-vorbis: bf7c407c2cedff20999df2af8eb42d56 -> 
  custom:framework-win-MediaFoundation: 216162199b28c13a410421893ffa2e32 -> 
  custom:container-demuxer-ogg: 62fdf1f143b41e24485cea50d1cbac27 -> 
  custom:video-decoder-webm-vp8: 9c59270c3fd7afecdb556c50c9e8de78 -> 
  custom:audio-decoder-ogg-vorbis: bf7c407c2cedff20999df2af8eb42d56 -> 
========================================================================
Received Import Request.
  Time since last request: 1480610.369869 seconds.
  path: Assets/SimplePoly - Town Pack/Meshes/Props/sptp_air_conditioning_02.FBX
  artifactKey: Guid(4d532fe2e4a25f44dbf3be2e2b66b7d0) Importer(815301076,1909f56bfc062723c751e8b465ee728b)
Start importing Assets/SimplePoly - Town Pack/Meshes/Props/sptp_air_conditioning_02.FBX using Guid(4d532fe2e4a25f44dbf3be2e2b66b7d0) Importer(815301076,1909f56bfc062723c751e8b465ee728b)  -> (artifact id: '1003063504191af7965793d3cc8335cb') in 0.549083 seconds 
========================================================================
Received Import Request.
  Time since last request: 0.000138 seconds.
  path: Assets/SimplePoly - Town Pack/Meshes/Props/sptp_traffic_light_01.FBX
  artifactKey: Guid(7e9186a9f4f27d744b0f8d0c2be3118c) Importer(815301076,1909f56bfc062723c751e8b465ee728b)
Start importing Assets/SimplePoly - Town Pack/Meshes/Props/sptp_traffic_light_01.FBX using Guid(7e9186a9f4f27d744b0f8d0c2be3118c) Importer(815301076,1909f56bfc062723c751e8b465ee728b)  -> (artifact id: '76a97299d660da66b4513ab7a3e3d80a') in 0.035338 seconds 
========================================================================
Received Import Request.
  Time since last request: 0.000083 seconds.
  path: Assets/SimplePoly - Town Pack/Meshes/Props/sptp_electrical_panel_01.FBX
  artifactKey: Guid(57f8968fab8a7a14fab08e1b6bec79e5) Importer(815301076,1909f56bfc062723c751e8b465ee728b)
Start importing Assets/SimplePoly - Town Pack/Meshes/Props/sptp_electrical_panel_01.FBX using Guid(57f8968fab8a7a14fab08e1b6bec79e5) Importer(815301076,1909f56bfc062723c751e8b465ee728b)  -> (artifact id: '1cfee22cfdaf9e45c0c2a28c426cfdd4') in 0.034766 seconds 
========================================================================
Received Import Request.
  Time since last request: 0.000071 seconds.
  path: Assets/SimplePoly - Town Pack/Meshes/Props/sptp_billboard_02.FBX
  artifactKey: Guid(21ed514b6a6f4454299668c2e767f285) Importer(815301076,1909f56bfc062723c751e8b465ee728b)
Start importing Assets/SimplePoly - Town Pack/Meshes/Props/sptp_billboard_02.FBX using Guid(21ed514b6a6f4454299668c2e767f285) Importer(815301076,1909f56bfc062723c751e8b465ee728b)  -> (artifact id: '5c220febefa3f0e0b109c79a82e31f92') in 0.036476 seconds 
========================================================================
Received Import Request.
  Time since last request: 0.000061 seconds.
  path: Assets/SimplePoly - Town Pack/Meshes/Props/sptp_billboard_03.FBX
  artifactKey: Guid(1c577a6dfd8c7134bbeb3b8e5a1c1c50) Importer(815301076,1909f56bfc062723c751e8b465ee728b)
Start importing Assets/SimplePoly - Town Pack/Meshes/Props/sptp_billboard_03.FBX using Guid(1c577a6dfd8c7134bbeb3b8e5a1c1c50) Importer(815301076,1909f56bfc062723c751e8b465ee728b)  -> (artifact id: 'a41281046e15df14bcaea5bcdf454caf') in 0.037248 seconds 
========================================================================
Received Import Request.
  Time since last request: 0.000049 seconds.
  path: Assets/SimplePoly - Town Pack/Meshes/Props/sptp_street_light_01.FBX
  artifactKey: Guid(95afefffd34f34044a4e841043b58ba1) Importer(815301076,1909f56bfc062723c751e8b465ee728b)
Start importing Assets/SimplePoly - Town Pack/Meshes/Props/sptp_street_light_01.FBX using Guid(95afefffd34f34044a4e841043b58ba1) Importer(815301076,1909f56bfc062723c751e8b465ee728b)  -> (artifact id: 'f910ccf0ef9349ec4f2abca81e4f3fe0') in 0.032270 seconds 
========================================================================
Received Import Request.
  Time since last request: 0.000046 seconds.
  path: Assets/SimplePoly - Town Pack/Meshes/Props/sptp_fire_hydrant_01.FBX
  artifactKey: Guid(b5cc2844dd57c3344b4840ed177ba8ec) Importer(815301076,1909f56bfc062723c751e8b465ee728b)
Start importing Assets/SimplePoly - Town Pack/Meshes/Props/sptp_fire_hydrant_01.FBX using Guid(b5cc2844dd57c3344b4840ed177ba8ec) Importer(815301076,1909f56bfc062723c751e8b465ee728b)  -> (artifact id: '20e88e83b50db8a5c838dd66a5d0087a') in 0.037785 seconds 
========================================================================
Received Import Request.
  Time since last request: 0.000051 seconds.
  path: Assets/SimplePoly - Town Pack/Meshes/Props/sptp_electrical_panel_02.FBX
  artifactKey: Guid(9ec2e01710de09540b4394bf6dd126a6) Importer(815301076,1909f56bfc062723c751e8b465ee728b)
Start importing Assets/SimplePoly - Town Pack/Meshes/Props/sptp_electrical_panel_02.FBX using Guid(9ec2e01710de09540b4394bf6dd126a6) Importer(815301076,1909f56bfc062723c751e8b465ee728b)  -> (artifact id: '2e62ed3affbf0bc1066ab1e1b1cfa4f0') in 0.034773 seconds 
========================================================================
Received Import Request.
  Time since last request: 0.000089 seconds.
  path: Assets/SimplePoly - Town Pack/Meshes/Props/sptp_bench_01.FBX
  artifactKey: Guid(151f7904ab4d8be4e954433c0b869d9f) Importer(815301076,1909f56bfc062723c751e8b465ee728b)
Start importing Assets/SimplePoly - Town Pack/Meshes/Props/sptp_bench_01.FBX using Guid(151f7904ab4d8be4e954433c0b869d9f) Importer(815301076,1909f56bfc062723c751e8b465ee728b)  -> (artifact id: '5d75aef6e98d717a06d6cfb3ee951c69') in 0.044333 seconds 
========================================================================
Received Import Request.
  Time since last request: 1.317709 seconds.
  path: Assets/SimplePoly - Town Pack/Meshes/Buildings/sptp_building_02.FBX
  artifactKey: Guid(7b293d5ad44ac9d4485e37822a421532) Importer(815301076,1909f56bfc062723c751e8b465ee728b)
Start importing Assets/SimplePoly - Town Pack/Meshes/Buildings/sptp_building_02.FBX using Guid(7b293d5ad44ac9d4485e37822a421532) Importer(815301076,1909f56bfc062723c751e8b465ee728b)  -> (artifact id: 'd3f46883878bd9258291e06c92678b6e') in 0.022716 seconds 
========================================================================
Received Import Request.
  Time since last request: 0.000068 seconds.
  path: Assets/SimplePoly - Town Pack/Meshes/Buildings/sptp_building_20.FBX
  artifactKey: Guid(d8b19a7b18944db4b96bd08f8b96794e) Importer(815301076,1909f56bfc062723c751e8b465ee728b)
Start importing Assets/SimplePoly - Town Pack/Meshes/Buildings/sptp_building_20.FBX using Guid(d8b19a7b18944db4b96bd08f8b96794e) Importer(815301076,1909f56bfc062723c751e8b465ee728b)  -> (artifact id: 'd03bea24edb2c5c405836757b62a6178') in 0.027009 seconds 
========================================================================
Received Import Request.
  Time since last request: 0.000041 seconds.
  path: Assets/SimplePoly - Town Pack/Meshes/Buildings/sptp_building_27.FBX
  artifactKey: Guid(c2837cbbe0fda9545a235d7ef1092ff1) Importer(815301076,1909f56bfc062723c751e8b465ee728b)
Start importing Assets/SimplePoly - Town Pack/Meshes/Buildings/sptp_building_27.FBX using Guid(c2837cbbe0fda9545a235d7ef1092ff1) Importer(815301076,1909f56bfc062723c751e8b465ee728b)  -> (artifact id: 'b6d97616d8137523c312428e391e9cea') in 0.026004 seconds 
========================================================================
Received Import Request.
  Time since last request: 0.000046 seconds.
  path: Assets/SimplePoly - Town Pack/Meshes/Buildings/sptp_building_09.FBX
  artifactKey: Guid(c67515eec82f1a747a9d549457de1b8f) Importer(815301076,1909f56bfc062723c751e8b465ee728b)
Start importing Assets/SimplePoly - Town Pack/Meshes/Buildings/sptp_building_09.FBX using Guid(c67515eec82f1a747a9d549457de1b8f) Importer(815301076,1909f56bfc062723c751e8b465ee728b)  -> (artifact id: '5b4ea2821ceecae05e265d120f4c1a37') in 0.029059 seconds 
========================================================================
Received Import Request.
  Time since last request: 0.000038 seconds.
  path: Assets/SimplePoly - Town Pack/Meshes/Buildings/sptp_building_07.FBX
  artifactKey: Guid(f964ee7d5778561438a40e89042efd10) Importer(815301076,1909f56bfc062723c751e8b465ee728b)
Start importing Assets/SimplePoly - Town Pack/Meshes/Buildings/sptp_building_07.FBX using Guid(f964ee7d5778561438a40e89042efd10) Importer(815301076,1909f56bfc062723c751e8b465ee728b)  -> (artifact id: '3b9faf7c7bd19ef484f7cefe5e47be29') in 0.027814 seconds 
========================================================================
Received Import Request.
  Time since last request: 0.000034 seconds.
  path: Assets/SimplePoly - Town Pack/Meshes/Buildings/sptp_building_05.FBX
  artifactKey: Guid(b3ea046a2ec1ce84fa51809bb916511a) Importer(815301076,1909f56bfc062723c751e8b465ee728b)
Start importing Assets/SimplePoly - Town Pack/Meshes/Buildings/sptp_building_05.FBX using Guid(b3ea046a2ec1ce84fa51809bb916511a) Importer(815301076,1909f56bfc062723c751e8b465ee728b)  -> (artifact id: 'd47ebafad0aa98905880c373bb677194') in 0.026849 seconds 
========================================================================
Received Import Request.
  Time since last request: 0.000035 seconds.
  path: Assets/SimplePoly - Town Pack/Meshes/Buildings/sptp_building_33.FBX
  artifactKey: Guid(6ab538a53bf049746b38b1ab81312bb2) Importer(815301076,1909f56bfc062723c751e8b465ee728b)
Start importing Assets/SimplePoly - Town Pack/Meshes/Buildings/sptp_building_33.FBX using Guid(6ab538a53bf049746b38b1ab81312bb2) Importer(815301076,1909f56bfc062723c751e8b465ee728b)  -> (artifact id: '285c2b9b66c43457c48182c052b7257e') in 0.025560 seconds 
========================================================================
Received Import Request.
  Time since last request: 0.000036 seconds.
  path: Assets/SimplePoly - Town Pack/Meshes/Buildings/sptp_building_18.FBX
  artifactKey: Guid(3b870980dc4fe9e499de4970d246ca16) Importer(815301076,1909f56bfc062723c751e8b465ee728b)
Start importing Assets/SimplePoly - Town Pack/Meshes/Buildings/sptp_building_18.FBX using Guid(3b870980dc4fe9e499de4970d246ca16) Importer(815301076,1909f56bfc062723c751e8b465ee728b)  -> (artifact id: '79d6e43369b56598b4a9784a7029d69e') in 0.027946 seconds 
========================================================================
Received Import Request.
  Time since last request: 0.000029 seconds.
  path: Assets/SimplePoly - Town Pack/Meshes/Buildings/sptp_building_16.FBX
  artifactKey: Guid(0d93f73685cda1946a5f27537c2d1194) Importer(815301076,1909f56bfc062723c751e8b465ee728b)
Start importing Assets/SimplePoly - Town Pack/Meshes/Buildings/sptp_building_16.FBX using Guid(0d93f73685cda1946a5f27537c2d1194) Importer(815301076,1909f56bfc062723c751e8b465ee728b)  -> (artifact id: 'ff022908eedfb5316cf61e40cd792159') in 0.024650 seconds 
========================================================================
Received Import Request.
  Time since last request: 0.000037 seconds.
  path: Assets/SimplePoly - Town Pack/Meshes/Buildings/sptp_building_17.FBX
  artifactKey: Guid(f60d1ec722928544a84e4cf4145ba9bc) Importer(815301076,1909f56bfc062723c751e8b465ee728b)
Start importing Assets/SimplePoly - Town Pack/Meshes/Buildings/sptp_building_17.FBX using Guid(f60d1ec722928544a84e4cf4145ba9bc) Importer(815301076,1909f56bfc062723c751e8b465ee728b)  -> (artifact id: '63158412106f91eceab23a4841bed427') in 0.025223 seconds 
========================================================================
Received Import Request.
  Time since last request: 0.000049 seconds.
  path: Assets/SimplePoly - Town Pack/Meshes/Buildings/sptp_building_19.FBX
  artifactKey: Guid(00fa65517d52f1341922d84b6ca00dd0) Importer(815301076,1909f56bfc062723c751e8b465ee728b)
Start importing Assets/SimplePoly - Town Pack/Meshes/Buildings/sptp_building_19.FBX using Guid(00fa65517d52f1341922d84b6ca00dd0) Importer(815301076,1909f56bfc062723c751e8b465ee728b)  -> (artifact id: '81ac6e15c7b14047ababf8206f6528ee') in 0.026736 seconds 
========================================================================
Received Import Request.
  Time since last request: 0.000046 seconds.
  path: Assets/SimplePoly - Town Pack/Meshes/Buildings/sptp_building_10.FBX
  artifactKey: Guid(ee1e87d4d554f474cbd8b0dd7842ac64) Importer(815301076,1909f56bfc062723c751e8b465ee728b)
Start importing Assets/SimplePoly - Town Pack/Meshes/Buildings/sptp_building_10.FBX using Guid(ee1e87d4d554f474cbd8b0dd7842ac64) Importer(815301076,1909f56bfc062723c751e8b465ee728b)  -> (artifact id: 'f6974290b7863505f67e2b4f47f91298') in 0.029468 seconds 
========================================================================
Received Import Request.
  Time since last request: 0.000034 seconds.
  path: Assets/SimplePoly - Town Pack/Meshes/Buildings/sptp_building_25.FBX
  artifactKey: Guid(42059ee947672724b94d40e21bb472cf) Importer(815301076,1909f56bfc062723c751e8b465ee728b)
Start importing Assets/SimplePoly - Town Pack/Meshes/Buildings/sptp_building_25.FBX using Guid(42059ee947672724b94d40e21bb472cf) Importer(815301076,1909f56bfc062723c751e8b465ee728b)  -> (artifact id: '85e3d0ea7ef4c091a730229c92beb5a1') in 0.026375 seconds 
========================================================================
Received Import Request.
  Time since last request: 0.000042 seconds.
  path: Assets/SimplePoly - Town Pack/Meshes/Buildings/sptp_building_11.FBX
  artifactKey: Guid(f4e45334a1e115a40b38ff219d3c3c3e) Importer(815301076,1909f56bfc062723c751e8b465ee728b)
Start importing Assets/SimplePoly - Town Pack/Meshes/Buildings/sptp_building_11.FBX using Guid(f4e45334a1e115a40b38ff219d3c3c3e) Importer(815301076,1909f56bfc062723c751e8b465ee728b)  -> (artifact id: '2a1827a468379ddc028abc30d289fc5f') in 0.025810 seconds 
========================================================================
Received Import Request.
  Time since last request: 0.000032 seconds.
  path: Assets/SimplePoly - Town Pack/Meshes/Buildings/sptp_building_31.FBX
  artifactKey: Guid(e368e3eabf82d8f45a27eeb101034e80) Importer(815301076,1909f56bfc062723c751e8b465ee728b)
Start importing Assets/SimplePoly - Town Pack/Meshes/Buildings/sptp_building_31.FBX using Guid(e368e3eabf82d8f45a27eeb101034e80) Importer(815301076,1909f56bfc062723c751e8b465ee728b)  -> (artifact id: '80a9b470f6f9566e4365054ab3e3a9bc') in 0.029367 seconds 
========================================================================
Received Import Request.
  Time since last request: 0.000030 seconds.
  path: Assets/SimplePoly - Town Pack/Meshes/Buildings/sptp_building_30.FBX
  artifactKey: Guid(e53ff8fb68e2bd3439d5ba8de3928540) Importer(815301076,1909f56bfc062723c751e8b465ee728b)
Start importing Assets/SimplePoly - Town Pack/Meshes/Buildings/sptp_building_30.FBX using Guid(e53ff8fb68e2bd3439d5ba8de3928540) Importer(815301076,1909f56bfc062723c751e8b465ee728b)  -> (artifact id: '2a5acdb77690a07596249f2d01eb9612') in 0.025528 seconds 
========================================================================
Received Import Request.
  Time since last request: 0.000037 seconds.
  path: Assets/SimplePoly - Town Pack/Meshes/Buildings/sptp_building_28.FBX
  artifactKey: Guid(4de21de59b9f5ab4da836cc76a193d9f) Importer(815301076,1909f56bfc062723c751e8b465ee728b)
Start importing Assets/SimplePoly - Town Pack/Meshes/Buildings/sptp_building_28.FBX using Guid(4de21de59b9f5ab4da836cc76a193d9f) Importer(815301076,1909f56bfc062723c751e8b465ee728b)  -> (artifact id: '7e9f6ee96a993a142bc06342c591e230') in 0.024061 seconds 
========================================================================
Received Import Request.
  Time since last request: 0.107363 seconds.
  path: Assets/SimplePoly - Town Pack/Meshes/Nature/sptp_bush_02.FBX
  artifactKey: Guid(ecd096e500a3582478fa38892c8c3a79) Importer(815301076,1909f56bfc062723c751e8b465ee728b)
Start importing Assets/SimplePoly - Town Pack/Meshes/Nature/sptp_bush_02.FBX using Guid(ecd096e500a3582478fa38892c8c3a79) Importer(815301076,1909f56bfc062723c751e8b465ee728b)  -> (artifact id: '29775524fd6b2022252999a505aca317') in 0.024844 seconds 
========================================================================
Received Import Request.
  Time since last request: 0.000030 seconds.
  path: Assets/SimplePoly - Town Pack/Meshes/Nature/sptp_stone_01.FBX
  artifactKey: Guid(7a00075224fdb4041b450968bd83cbe0) Importer(815301076,1909f56bfc062723c751e8b465ee728b)
Start importing Assets/SimplePoly - Town Pack/Meshes/Nature/sptp_stone_01.FBX using Guid(7a00075224fdb4041b450968bd83cbe0) Importer(815301076,1909f56bfc062723c751e8b465ee728b)  -> (artifact id: 'c8a51ac209ec6ce6a2a8ce0d3a206af2') in 0.024835 seconds 
========================================================================
Received Import Request.
  Time since last request: 0.000048 seconds.
  path: Assets/SimplePoly - Town Pack/Meshes/Nature/sptp_tree_02.FBX
  artifactKey: Guid(6b76483e5d225db46b282c88ff311a4b) Importer(815301076,1909f56bfc062723c751e8b465ee728b)
Start importing Assets/SimplePoly - Town Pack/Meshes/Nature/sptp_tree_02.FBX using Guid(6b76483e5d225db46b282c88ff311a4b) Importer(815301076,1909f56bfc062723c751e8b465ee728b)  -> (artifact id: '05e227452405eed2c42c46842ebf17ed') in 0.025450 seconds 
Editor requested this worker to shutdown with reason: Scaling down because of idle timeout
AssetImportWorker is now disconnected from the server
Process exiting
Exiting without the bug reporter. Application will terminate with return code 0