Using pre-set license
Built from '2021.3/staging' branch; Version is '2021.3.15f1 (e8e88683f834) revision 15263878'; Using compiler version '192829333'; Build Type 'Release'
OS: 'Windows 10  (10.0.19044) 64bit Education' Language: 'en' Physical Memory: 15722 MB
BatchMode: 1, IsHumanControllingUs: 0, StartBugReporterOnCrash: 0, Is64bit: 1, IsPro: 1

COMMAND LINE ARGUMENTS:
C:\Program Files\Unity\Hub\Editor\2021.3.15f1\Editor\Unity.exe
-adb2
-batchMode
-noUpm
-name
AssetImportWorker4
-projectPath
C:/Users/Adrian/My project
-logFile
Logs/AssetImportWorker4.log
-srvPort
58025
Successfully changed project path to: C:/Users/Adrian/My project
C:/Users/Adrian/My project
[UnityMemory] Configuration Parameters - Can be set up in boot.config
    "memorysetup-bucket-allocator-granularity=16"
    "memorysetup-bucket-allocator-bucket-count=8"
    "memorysetup-bucket-allocator-block-size=33554432"
    "memorysetup-bucket-allocator-block-count=8"
    "memorysetup-main-allocator-block-size=16777216"
    "memorysetup-thread-allocator-block-size=16777216"
    "memorysetup-gfx-main-allocator-block-size=16777216"
    "memorysetup-gfx-thread-allocator-block-size=16777216"
    "memorysetup-cache-allocator-block-size=4194304"
    "memorysetup-typetree-allocator-block-size=2097152"
    "memorysetup-profiler-bucket-allocator-granularity=16"
    "memorysetup-profiler-bucket-allocator-bucket-count=8"
    "memorysetup-profiler-bucket-allocator-block-size=33554432"
    "memorysetup-profiler-bucket-allocator-block-count=8"
    "memorysetup-profiler-allocator-block-size=16777216"
    "memorysetup-profiler-editor-allocator-block-size=1048576"
    "memorysetup-temp-allocator-size-main=16777216"
    "memorysetup-job-temp-allocator-block-size=2097152"
    "memorysetup-job-temp-allocator-block-size-background=1048576"
    "memorysetup-job-temp-allocator-reduction-small-platforms=262144"
    "memorysetup-temp-allocator-size-background-worker=32768"
    "memorysetup-temp-allocator-size-job-worker=262144"
    "memorysetup-temp-allocator-size-preload-manager=33554432"
    "memorysetup-temp-allocator-size-nav-mesh-worker=65536"
    "memorysetup-temp-allocator-size-audio-worker=65536"
    "memorysetup-temp-allocator-size-cloud-worker=32768"
    "memorysetup-temp-allocator-size-gi-baking-worker=262144"
    "memorysetup-temp-allocator-size-gfx=262144"
Player connection [7396] Host "[IP] 10.129.139.120 [Port] 0 [Flags] 2 [Guid] 4182579711 [EditorId] 4182579711 [Version] 1048832 [Id] WindowsEditor(7,DESKTOP-5DBLJAE) [Debug] 1 [PackageName] WindowsEditor [ProjectName] Editor" joined multi-casting on [225.0.0.222:54997]...

Player connection [7396] Host "[IP] 10.129.139.120 [Port] 0 [Flags] 2 [Guid] 4182579711 [EditorId] 4182579711 [Version] 1048832 [Id] WindowsEditor(7,DESKTOP-5DBLJAE) [Debug] 1 [PackageName] WindowsEditor [ProjectName] Editor" joined alternative multi-casting on [225.0.0.222:34997]...

Refreshing native plugins compatible for Editor in 140.49 ms, found 3 plugins.
Preloading 0 native plugins for Editor in 0.00 ms.
Initialize engine version: 2021.3.15f1 (e8e88683f834)
[Subsystems] Discovering subsystems at path C:/Program Files/Unity/Hub/Editor/2021.3.15f1/Editor/Data/Resources/UnitySubsystems
[Subsystems] Discovering subsystems at path C:/Users/Adrian/My project/Assets
GfxDevice: creating device client; threaded=0; jobified=0
Direct3D:
    Version:  Direct3D 11.0 [level 11.1]
    Renderer: AMD Radeon(TM) Graphics (ID=0x164c)
    Vendor:   ATI
    VRAM:     7861 MB
    Driver:   31.0.12015.1008
Initialize mono
Mono path[0] = 'C:/Program Files/Unity/Hub/Editor/2021.3.15f1/Editor/Data/Managed'
Mono path[1] = 'C:/Program Files/Unity/Hub/Editor/2021.3.15f1/Editor/Data/MonoBleedingEdge/lib/mono/unityjit-win32'
Mono config path = 'C:/Program Files/Unity/Hub/Editor/2021.3.15f1/Editor/Data/MonoBleedingEdge/etc'
Using monoOptions --debugger-agent=transport=dt_socket,embedding=1,server=y,suspend=n,address=127.0.0.1:56396
Begin MonoManager ReloadAssembly
Registering precompiled unity dll's ...
Register platform support module: C:/Program Files/Unity/Hub/Editor/2021.3.15f1/Editor/Data/PlaybackEngines/WebGLSupport/UnityEditor.WebGL.Extensions.dll
Register platform support module: C:/Program Files/Unity/Hub/Editor/2021.3.15f1/Editor/Data/PlaybackEngines/WindowsStandaloneSupport/UnityEditor.WindowsStandalone.Extensions.dll
Registered in 0.010625 seconds.
Native extension for WindowsStandalone target not found
Native extension for WebGL target not found
Refreshing native plugins compatible for Editor in 126.13 ms, found 3 plugins.
Preloading 0 native plugins for Editor in 0.00 ms.
Mono: successfully reloaded assembly
- Completed reload, in  0.955 seconds
Domain Reload Profiling:
	ReloadAssembly (956ms)
		BeginReloadAssembly (109ms)
			ExecutionOrderSort (0ms)
			DisableScriptedObjects (0ms)
			BackupInstance (0ms)
			ReleaseScriptingObjects (0ms)
			CreateAndSetChildDomain (1ms)
		EndReloadAssembly (664ms)
			LoadAssemblies (106ms)
			RebuildTransferFunctionScriptingTraits (0ms)
			SetupTypeCache (145ms)
			ReleaseScriptCaches (0ms)
			RebuildScriptCaches (40ms)
			SetupLoadedEditorAssemblies (400ms)
				LogAssemblyErrors (0ms)
				InitializePlatformSupportModulesInManaged (13ms)
				SetLoadedEditorAssemblies (1ms)
				RefreshPlugins (126ms)
				BeforeProcessingInitializeOnLoad (2ms)
				ProcessInitializeOnLoadAttributes (194ms)
				ProcessInitializeOnLoadMethodAttributes (65ms)
				AfterProcessingInitializeOnLoad (0ms)
				EditorAssembliesLoaded (0ms)
			ExecutionOrderSort2 (0ms)
			AwakeInstancesAfterBackupRestoration (0ms)
Platform modules already initialized, skipping
Registering precompiled user dll's ...
Registered in 0.009309 seconds.
Begin MonoManager ReloadAssembly
Symbol file LoadedFromMemory doesn't match image C:\Users\Adrian\My project\Library\PackageCache\com.unity.visualscripting@1.7.8\Editor\VisualScripting.Core\Dependencies\YamlDotNet\Unity.VisualScripting.YamlDotNet.dll
Symbol file LoadedFromMemory doesn't match image C:\Users\Adrian\My project\Library\PackageCache\com.unity.visualscripting@1.7.8\Editor\VisualScripting.Core\Dependencies\DotNetZip\Unity.VisualScripting.IonicZip.dll
Native extension for WindowsStandalone target not found
Native extension for WebGL target not found
Refreshing native plugins compatible for Editor in 1.04 ms, found 3 plugins.
Preloading 0 native plugins for Editor in 0.00 ms.
Package Manager log level set to [2]
Mono: successfully reloaded assembly
- Completed reload, in  1.477 seconds
Domain Reload Profiling:
	ReloadAssembly (1478ms)
		BeginReloadAssembly (158ms)
			ExecutionOrderSort (0ms)
			DisableScriptedObjects (8ms)
			BackupInstance (0ms)
			ReleaseScriptingObjects (0ms)
			CreateAndSetChildDomain (28ms)
		EndReloadAssembly (1152ms)
			LoadAssemblies (115ms)
			RebuildTransferFunctionScriptingTraits (0ms)
			SetupTypeCache (392ms)
			ReleaseScriptCaches (1ms)
			RebuildScriptCaches (78ms)
			SetupLoadedEditorAssemblies (515ms)
				LogAssemblyErrors (0ms)
				InitializePlatformSupportModulesInManaged (10ms)
				SetLoadedEditorAssemblies (1ms)
				RefreshPlugins (1ms)
				BeforeProcessingInitializeOnLoad (128ms)
				ProcessInitializeOnLoadAttributes (331ms)
				ProcessInitializeOnLoadMethodAttributes (34ms)
				AfterProcessingInitializeOnLoad (10ms)
				EditorAssembliesLoaded (0ms)
			ExecutionOrderSort2 (0ms)
			AwakeInstancesAfterBackupRestoration (8ms)
Platform modules already initialized, skipping
========================================================================
Worker process is ready to serve import requests
Launched and connected shader compiler UnityShaderCompiler.exe after 0.06 seconds
Refreshing native plugins compatible for Editor in 0.94 ms, found 3 plugins.
Preloading 0 native plugins for Editor in 0.00 ms.
Unloading 3374 Unused Serialized files (Serialized files now loaded: 0)
Unloading 30 unused Assets / (117.6 KB). Loaded Objects now: 3947.
Memory consumption went from 119.1 MB to 119.0 MB.
Total: 5.065400 ms (FindLiveObjects: 0.516500 ms CreateObjectMapping: 0.270700 ms MarkObjects: 4.097700 ms  DeleteObjects: 0.177800 ms)

AssetImportParameters requested are different than current active one (requested -> active):
  custom:video-decoder-ogg-theora: a1e56fd34408186e4bbccfd4996cb3dc -> 
  custom:container-muxer-webm: aa71ff27fc2769a1b78a27578f13a17b -> 
  custom:container-demuxer-webm: 4f35f7cbe854078d1ac9338744f61a02 -> 
  custom:video-encoder-webm-vp8: eb34c28f22e8b96e1ab97ce403110664 -> 
  custom:audio-encoder-webm-vorbis: bf7c407c2cedff20999df2af8eb42d56 -> 
  custom:framework-win-MediaFoundation: 216162199b28c13a410421893ffa2e32 -> 
  custom:container-demuxer-ogg: 62fdf1f143b41e24485cea50d1cbac27 -> 
  custom:video-decoder-webm-vp8: 9c59270c3fd7afecdb556c50c9e8de78 -> 
  custom:audio-decoder-ogg-vorbis: bf7c407c2cedff20999df2af8eb42d56 -> 
========================================================================
Received Import Request.
  Time since last request: 1479751.992567 seconds.
  path: Assets/EasyRoads3D/Editor
  artifactKey: Guid(2f0428c5974611b46b3077583d310734) Importer(815301076,1909f56bfc062723c751e8b465ee728b)
Start importing Assets/EasyRoads3D/Editor using Guid(2f0428c5974611b46b3077583d310734) Importer(815301076,1909f56bfc062723c751e8b465ee728b)  -> (artifact id: '30c48cc6c220daf3a3a51bdb28641cb6') in 0.025052 seconds 
========================================================================
Received Import Request.
  Time since last request: 764.999064 seconds.
  path: Assets/SimplePoly - Town Pack/Prefabs/Nature/sptp_bush_01.prefab
  artifactKey: Guid(cdc1936d58ab24443b5deb240dc3acfd) Importer(815301076,1909f56bfc062723c751e8b465ee728b)
Start importing Assets/SimplePoly - Town Pack/Prefabs/Nature/sptp_bush_01.prefab using Guid(cdc1936d58ab24443b5deb240dc3acfd) Importer(815301076,1909f56bfc062723c751e8b465ee728b)  -> (artifact id: 'b322d6a8d79eddea9b1a22bd841176fe') in 0.304695 seconds 
========================================================================
Received Import Request.
  Time since last request: 0.000088 seconds.
  path: Assets/SimplePoly - Town Pack/Prefabs/Nature/sptp_stone_01.prefab
  artifactKey: Guid(bb3c6fcb21a1e4b4faa80734a481448b) Importer(815301076,1909f56bfc062723c751e8b465ee728b)
Start importing Assets/SimplePoly - Town Pack/Prefabs/Nature/sptp_stone_01.prefab using Guid(bb3c6fcb21a1e4b4faa80734a481448b) Importer(815301076,1909f56bfc062723c751e8b465ee728b)  -> (artifact id: '3058d9028da0350164315b7eb94ee95c') in 0.072787 seconds 
========================================================================
Received Import Request.
  Time since last request: 1.805789 seconds.
  path: Assets/SimplePoly - Town Pack/Prefabs/Props/sptp_air_conditioning_01.prefab
  artifactKey: Guid(84cd3f7c8273a1a459bc62834ebb2837) Importer(815301076,1909f56bfc062723c751e8b465ee728b)
Start importing Assets/SimplePoly - Town Pack/Prefabs/Props/sptp_air_conditioning_01.prefab using Guid(84cd3f7c8273a1a459bc62834ebb2837) Importer(815301076,1909f56bfc062723c751e8b465ee728b)  -> (artifact id: '6ce150455ed141dac7e38b167a4daa91') in 0.047441 seconds 
========================================================================
Received Import Request.
  Time since last request: 0.000039 seconds.
  path: Assets/SimplePoly - Town Pack/Prefabs/Props/sptp_air_conditioning_04.prefab
  artifactKey: Guid(38cfb67b87a91c74780f71a3ef91247f) Importer(815301076,1909f56bfc062723c751e8b465ee728b)
Start importing Assets/SimplePoly - Town Pack/Prefabs/Props/sptp_air_conditioning_04.prefab using Guid(38cfb67b87a91c74780f71a3ef91247f) Importer(815301076,1909f56bfc062723c751e8b465ee728b)  -> (artifact id: '619460c22cb1810746eb29a6a7d8ad04') in 0.067745 seconds 
========================================================================
Received Import Request.
  Time since last request: 0.000055 seconds.
  path: Assets/SimplePoly - Town Pack/Prefabs/Props/sptp_traffic_light_01.prefab
  artifactKey: Guid(7f9ea44d759da6b4e995d9fa92373629) Importer(815301076,1909f56bfc062723c751e8b465ee728b)
Start importing Assets/SimplePoly - Town Pack/Prefabs/Props/sptp_traffic_light_01.prefab using Guid(7f9ea44d759da6b4e995d9fa92373629) Importer(815301076,1909f56bfc062723c751e8b465ee728b)  -> (artifact id: 'b43f550a355003cadd000270356855d7') in 0.052258 seconds 
========================================================================
Received Import Request.
  Time since last request: 0.000066 seconds.
  path: Assets/SimplePoly - Town Pack/Prefabs/Props/sptp_billboard_03.prefab
  artifactKey: Guid(05fb03652e92efb42bc379e428d37bb0) Importer(815301076,1909f56bfc062723c751e8b465ee728b)
Start importing Assets/SimplePoly - Town Pack/Prefabs/Props/sptp_billboard_03.prefab using Guid(05fb03652e92efb42bc379e428d37bb0) Importer(815301076,1909f56bfc062723c751e8b465ee728b)  -> (artifact id: '7fe81f71102fd7c30b234e9a6d9c04a3') in 0.049135 seconds 
========================================================================
Received Import Request.
  Time since last request: 0.000054 seconds.
  path: Assets/SimplePoly - Town Pack/Prefabs/Props/sptp_bench_01.prefab
  artifactKey: Guid(4000718aa726f174bb2a1e64ee9190cb) Importer(815301076,1909f56bfc062723c751e8b465ee728b)
Start importing Assets/SimplePoly - Town Pack/Prefabs/Props/sptp_bench_01.prefab using Guid(4000718aa726f174bb2a1e64ee9190cb) Importer(815301076,1909f56bfc062723c751e8b465ee728b)  -> (artifact id: 'c0e5927a9275627ed05a97f540252dc1') in 0.048120 seconds 
========================================================================
Received Import Request.
  Time since last request: 0.000047 seconds.
  path: Assets/SimplePoly - Town Pack/Prefabs/Props/sptp_billboard_02.prefab
  artifactKey: Guid(afcb5e8f2ed7ce44ebcb9f16d41ffe1c) Importer(815301076,1909f56bfc062723c751e8b465ee728b)
Start importing Assets/SimplePoly - Town Pack/Prefabs/Props/sptp_billboard_02.prefab using Guid(afcb5e8f2ed7ce44ebcb9f16d41ffe1c) Importer(815301076,1909f56bfc062723c751e8b465ee728b)  -> (artifact id: '7151b1b496824937ecf730b66308590e') in 0.049535 seconds 
========================================================================
Received Import Request.
  Time since last request: 0.000039 seconds.
  path: Assets/SimplePoly - Town Pack/Prefabs/Props/sptp_electrical_panel_02.prefab
  artifactKey: Guid(84ead56049a99aa4d88b7860d5907105) Importer(815301076,1909f56bfc062723c751e8b465ee728b)
Start importing Assets/SimplePoly - Town Pack/Prefabs/Props/sptp_electrical_panel_02.prefab using Guid(84ead56049a99aa4d88b7860d5907105) Importer(815301076,1909f56bfc062723c751e8b465ee728b)  -> (artifact id: '02a9691b0eeb9c349240e164fd69e6c0') in 0.049180 seconds 
========================================================================
Received Import Request.
  Time since last request: 0.000060 seconds.
  path: Assets/SimplePoly - Town Pack/Prefabs/Props/sptp_fire_hydrant_01.prefab
  artifactKey: Guid(43a5f581e928d1c40af75bbf1ab0dc19) Importer(815301076,1909f56bfc062723c751e8b465ee728b)
Start importing Assets/SimplePoly - Town Pack/Prefabs/Props/sptp_fire_hydrant_01.prefab using Guid(43a5f581e928d1c40af75bbf1ab0dc19) Importer(815301076,1909f56bfc062723c751e8b465ee728b)  -> (artifact id: '7b9acb1db2626d86bc9ba7f24ccd51bc') in 0.049022 seconds 
========================================================================
Received Import Request.
  Time since last request: 0.000044 seconds.
  path: Assets/SimplePoly - Town Pack/Prefabs/Props/sptp_street_light_02.prefab
  artifactKey: Guid(0401a3f0164b9cf40bd8c14f152e69ab) Importer(815301076,1909f56bfc062723c751e8b465ee728b)
Start importing Assets/SimplePoly - Town Pack/Prefabs/Props/sptp_street_light_02.prefab using Guid(0401a3f0164b9cf40bd8c14f152e69ab) Importer(815301076,1909f56bfc062723c751e8b465ee728b)  -> (artifact id: 'f11d6ff741fe4ac55dcc90fafb2fd7fd') in 0.049795 seconds 
========================================================================
Received Import Request.
  Time since last request: 0.981823 seconds.
  path: Assets/SimplePoly - Town Pack/Prefabs/RoadSegments/sptp_asphalt_01.prefab
  artifactKey: Guid(b2b896f074253c346ac142ca389d3c2a) Importer(815301076,1909f56bfc062723c751e8b465ee728b)
Start importing Assets/SimplePoly - Town Pack/Prefabs/RoadSegments/sptp_asphalt_01.prefab using Guid(b2b896f074253c346ac142ca389d3c2a) Importer(815301076,1909f56bfc062723c751e8b465ee728b)  -> (artifact id: 'b2e339e017661b88a4fd2c4d3043871e') in 0.092675 seconds 
========================================================================
Received Import Request.
  Time since last request: 0.000037 seconds.
  path: Assets/SimplePoly - Town Pack/Prefabs/RoadSegments/sptp_road_segment_07.prefab
  artifactKey: Guid(581d1ebf3352b5346846e02aec6d28e0) Importer(815301076,1909f56bfc062723c751e8b465ee728b)
Start importing Assets/SimplePoly - Town Pack/Prefabs/RoadSegments/sptp_road_segment_07.prefab using Guid(581d1ebf3352b5346846e02aec6d28e0) Importer(815301076,1909f56bfc062723c751e8b465ee728b)  -> (artifact id: '0191b2580991f97b87ea58bc99113139') in 0.055498 seconds 
========================================================================
Received Import Request.
  Time since last request: 0.000045 seconds.
  path: Assets/SimplePoly - Town Pack/Prefabs/RoadSegments/sptp_road_segment_16.prefab
  artifactKey: Guid(3cf218854e6991946b36e2beec887904) Importer(815301076,1909f56bfc062723c751e8b465ee728b)
Start importing Assets/SimplePoly - Town Pack/Prefabs/RoadSegments/sptp_road_segment_16.prefab using Guid(3cf218854e6991946b36e2beec887904) Importer(815301076,1909f56bfc062723c751e8b465ee728b)  -> (artifact id: 'ed887e736f70dece1bb1c694b9f287f8') in 0.049603 seconds 
========================================================================
Received Import Request.
  Time since last request: 0.000064 seconds.
  path: Assets/SimplePoly - Town Pack/Prefabs/RoadSegments/sptp_road_segment_01.prefab
  artifactKey: Guid(82dceca16d2bc274a861326e450f4c45) Importer(815301076,1909f56bfc062723c751e8b465ee728b)
Start importing Assets/SimplePoly - Town Pack/Prefabs/RoadSegments/sptp_road_segment_01.prefab using Guid(82dceca16d2bc274a861326e450f4c45) Importer(815301076,1909f56bfc062723c751e8b465ee728b)  -> (artifact id: '288b194059425d5ec47cb2bb1af47193') in 0.054292 seconds 
========================================================================
Received Import Request.
  Time since last request: 0.000037 seconds.
  path: Assets/SimplePoly - Town Pack/Prefabs/RoadSegments/sptp_sidewalk_segment_02.prefab
  artifactKey: Guid(0f87996433fed0f4da76dbc5eec9f4fb) Importer(815301076,1909f56bfc062723c751e8b465ee728b)
Start importing Assets/SimplePoly - Town Pack/Prefabs/RoadSegments/sptp_sidewalk_segment_02.prefab using Guid(0f87996433fed0f4da76dbc5eec9f4fb) Importer(815301076,1909f56bfc062723c751e8b465ee728b)  -> (artifact id: '8e8f5f94c7909e6b9a4bf0dbed465727') in 0.048472 seconds 
========================================================================
Received Import Request.
  Time since last request: 0.000040 seconds.
  path: Assets/SimplePoly - Town Pack/Prefabs/RoadSegments/sptp_road_segment_12.prefab
  artifactKey: Guid(326362485e25689468f84ed4c6c93107) Importer(815301076,1909f56bfc062723c751e8b465ee728b)
Start importing Assets/SimplePoly - Town Pack/Prefabs/RoadSegments/sptp_road_segment_12.prefab using Guid(326362485e25689468f84ed4c6c93107) Importer(815301076,1909f56bfc062723c751e8b465ee728b)  -> (artifact id: '31eef95d63400fc11db75dea36164cd0') in 0.049010 seconds 
========================================================================
Received Import Request.
  Time since last request: 0.000055 seconds.
  path: Assets/SimplePoly - Town Pack/Prefabs/RoadSegments/sptp_road_segment_05.prefab
  artifactKey: Guid(61b9c9e3076bd7145a7680b591aab7c0) Importer(815301076,1909f56bfc062723c751e8b465ee728b)
Start importing Assets/SimplePoly - Town Pack/Prefabs/RoadSegments/sptp_road_segment_05.prefab using Guid(61b9c9e3076bd7145a7680b591aab7c0) Importer(815301076,1909f56bfc062723c751e8b465ee728b)  -> (artifact id: '87e32bf8e5a9f56183a1ed20c1005bfb') in 0.051388 seconds 
========================================================================
Received Import Request.
  Time since last request: 0.000038 seconds.
  path: Assets/SimplePoly - Town Pack/Prefabs/RoadSegments/sptp_road_segment_10.prefab
  artifactKey: Guid(8e3bf3e187a935d4f867c1af041ddfd2) Importer(815301076,1909f56bfc062723c751e8b465ee728b)
Start importing Assets/SimplePoly - Town Pack/Prefabs/RoadSegments/sptp_road_segment_10.prefab using Guid(8e3bf3e187a935d4f867c1af041ddfd2) Importer(815301076,1909f56bfc062723c751e8b465ee728b)  -> (artifact id: 'f63cbc994e7a80457e95afbd458e8f15') in 0.048702 seconds 
========================================================================
Received Import Request.
  Time since last request: 0.000051 seconds.
  path: Assets/SimplePoly - Town Pack/Prefabs/RoadSegments/sptp_road_segment_14.prefab
  artifactKey: Guid(0af06042621572a499913c0ebe5e69ea) Importer(815301076,1909f56bfc062723c751e8b465ee728b)
Start importing Assets/SimplePoly - Town Pack/Prefabs/RoadSegments/sptp_road_segment_14.prefab using Guid(0af06042621572a499913c0ebe5e69ea) Importer(815301076,1909f56bfc062723c751e8b465ee728b)  -> (artifact id: '4500e87764369903420ea96133532f2f') in 0.046916 seconds 
========================================================================
Received Import Request.
  Time since last request: 0.000035 seconds.
  path: Assets/SimplePoly - Town Pack/Prefabs/RoadSegments/sptp_road_segment_15.prefab
  artifactKey: Guid(aa562231f82a2664490d4cd36e223e46) Importer(815301076,1909f56bfc062723c751e8b465ee728b)
Start importing Assets/SimplePoly - Town Pack/Prefabs/RoadSegments/sptp_road_segment_15.prefab using Guid(aa562231f82a2664490d4cd36e223e46) Importer(815301076,1909f56bfc062723c751e8b465ee728b)  -> (artifact id: '3b60f35b4edd0ce1ab06dec82d5c59f4') in 0.048098 seconds 
========================================================================
Received Import Request.
  Time since last request: 0.000041 seconds.
  path: Assets/SimplePoly - Town Pack/Prefabs/RoadSegments/sptp_road_segment_11.prefab
  artifactKey: Guid(f76e9ef0fd63b484388ce742819e4750) Importer(815301076,1909f56bfc062723c751e8b465ee728b)
Start importing Assets/SimplePoly - Town Pack/Prefabs/RoadSegments/sptp_road_segment_11.prefab using Guid(f76e9ef0fd63b484388ce742819e4750) Importer(815301076,1909f56bfc062723c751e8b465ee728b)  -> (artifact id: 'a099c882b5560c8ced524f0382d2be0a') in 0.048391 seconds 
Editor requested this worker to shutdown with reason: Scaling down because of idle timeout
AssetImportWorker is now disconnected from the server
Process exiting
Exiting without the bug reporter. Application will terminate with return code 0