Using pre-set license
Built from '2021.3/staging' branch; Version is '2021.3.15f1 (e8e88683f834) revision 15263878'; Using compiler version '192829333'; Build Type 'Release'
OS: 'Windows 10  (10.0.19044) 64bit Education' Language: 'en' Physical Memory: 15722 MB
BatchMode: 1, IsHumanControllingUs: 0, StartBugReporterOnCrash: 0, Is64bit: 1, IsPro: 1

COMMAND LINE ARGUMENTS:
C:\Program Files\Unity\Hub\Editor\2021.3.15f1\Editor\Unity.exe
-adb2
-batchMode
-noUpm
-name
AssetImportWorker1
-projectPath
C:/Users/Adrian/My project
-logFile
Logs/AssetImportWorker1.log
-srvPort
58025
Successfully changed project path to: C:/Users/Adrian/My project
C:/Users/Adrian/My project
[UnityMemory] Configuration Parameters - Can be set up in boot.config
    "memorysetup-bucket-allocator-granularity=16"
    "memorysetup-bucket-allocator-bucket-count=8"
    "memorysetup-bucket-allocator-block-size=33554432"
    "memorysetup-bucket-allocator-block-count=8"
    "memorysetup-main-allocator-block-size=16777216"
    "memorysetup-thread-allocator-block-size=16777216"
    "memorysetup-gfx-main-allocator-block-size=16777216"
    "memorysetup-gfx-thread-allocator-block-size=16777216"
    "memorysetup-cache-allocator-block-size=4194304"
    "memorysetup-typetree-allocator-block-size=2097152"
    "memorysetup-profiler-bucket-allocator-granularity=16"
    "memorysetup-profiler-bucket-allocator-bucket-count=8"
    "memorysetup-profiler-bucket-allocator-block-size=33554432"
    "memorysetup-profiler-bucket-allocator-block-count=8"
    "memorysetup-profiler-allocator-block-size=16777216"
    "memorysetup-profiler-editor-allocator-block-size=1048576"
    "memorysetup-temp-allocator-size-main=16777216"
    "memorysetup-job-temp-allocator-block-size=2097152"
    "memorysetup-job-temp-allocator-block-size-background=1048576"
    "memorysetup-job-temp-allocator-reduction-small-platforms=262144"
    "memorysetup-temp-allocator-size-background-worker=32768"
    "memorysetup-temp-allocator-size-job-worker=262144"
    "memorysetup-temp-allocator-size-preload-manager=33554432"
    "memorysetup-temp-allocator-size-nav-mesh-worker=65536"
    "memorysetup-temp-allocator-size-audio-worker=65536"
    "memorysetup-temp-allocator-size-cloud-worker=32768"
    "memorysetup-temp-allocator-size-gi-baking-worker=262144"
    "memorysetup-temp-allocator-size-gfx=262144"
Player connection [9424] Host "[IP] 10.129.139.120 [Port] 0 [Flags] 2 [Guid] 4127271234 [EditorId] 4127271234 [Version] 1048832 [Id] WindowsEditor(7,DESKTOP-5DBLJAE) [Debug] 1 [PackageName] WindowsEditor [ProjectName] Editor" joined multi-casting on [225.0.0.222:54997]...

Player connection [9424] Host "[IP] 10.129.139.120 [Port] 0 [Flags] 2 [Guid] 4127271234 [EditorId] 4127271234 [Version] 1048832 [Id] WindowsEditor(7,DESKTOP-5DBLJAE) [Debug] 1 [PackageName] WindowsEditor [ProjectName] Editor" joined alternative multi-casting on [225.0.0.222:34997]...

Refreshing native plugins compatible for Editor in 123.17 ms, found 3 plugins.
Preloading 0 native plugins for Editor in 0.00 ms.
Initialize engine version: 2021.3.15f1 (e8e88683f834)
[Subsystems] Discovering subsystems at path C:/Program Files/Unity/Hub/Editor/2021.3.15f1/Editor/Data/Resources/UnitySubsystems
[Subsystems] Discovering subsystems at path C:/Users/Adrian/My project/Assets
GfxDevice: creating device client; threaded=0; jobified=0
Direct3D:
    Version:  Direct3D 11.0 [level 11.1]
    Renderer: AMD Radeon(TM) Graphics (ID=0x164c)
    Vendor:   ATI
    VRAM:     7861 MB
    Driver:   31.0.12015.1008
Initialize mono
Mono path[0] = 'C:/Program Files/Unity/Hub/Editor/2021.3.15f1/Editor/Data/Managed'
Mono path[1] = 'C:/Program Files/Unity/Hub/Editor/2021.3.15f1/Editor/Data/MonoBleedingEdge/lib/mono/unityjit-win32'
Mono config path = 'C:/Program Files/Unity/Hub/Editor/2021.3.15f1/Editor/Data/MonoBleedingEdge/etc'
Using monoOptions --debugger-agent=transport=dt_socket,embedding=1,server=y,suspend=n,address=127.0.0.1:56052
Begin MonoManager ReloadAssembly
Registering precompiled unity dll's ...
Register platform support module: C:/Program Files/Unity/Hub/Editor/2021.3.15f1/Editor/Data/PlaybackEngines/WebGLSupport/UnityEditor.WebGL.Extensions.dll
Register platform support module: C:/Program Files/Unity/Hub/Editor/2021.3.15f1/Editor/Data/PlaybackEngines/WindowsStandaloneSupport/UnityEditor.WindowsStandalone.Extensions.dll
Registered in 0.010822 seconds.
Native extension for WindowsStandalone target not found
Native extension for WebGL target not found
Refreshing native plugins compatible for Editor in 120.23 ms, found 3 plugins.
Preloading 0 native plugins for Editor in 0.00 ms.
Mono: successfully reloaded assembly
- Completed reload, in  0.979 seconds
Domain Reload Profiling:
	ReloadAssembly (980ms)
		BeginReloadAssembly (109ms)
			ExecutionOrderSort (0ms)
			DisableScriptedObjects (0ms)
			BackupInstance (0ms)
			ReleaseScriptingObjects (0ms)
			CreateAndSetChildDomain (1ms)
		EndReloadAssembly (695ms)
			LoadAssemblies (106ms)
			RebuildTransferFunctionScriptingTraits (0ms)
			SetupTypeCache (159ms)
			ReleaseScriptCaches (0ms)
			RebuildScriptCaches (44ms)
			SetupLoadedEditorAssemblies (414ms)
				LogAssemblyErrors (0ms)
				InitializePlatformSupportModulesInManaged (14ms)
				SetLoadedEditorAssemblies (0ms)
				RefreshPlugins (120ms)
				BeforeProcessingInitializeOnLoad (2ms)
				ProcessInitializeOnLoadAttributes (209ms)
				ProcessInitializeOnLoadMethodAttributes (69ms)
				AfterProcessingInitializeOnLoad (0ms)
				EditorAssembliesLoaded (0ms)
			ExecutionOrderSort2 (0ms)
			AwakeInstancesAfterBackupRestoration (0ms)
Platform modules already initialized, skipping
Registering precompiled user dll's ...
Registered in 0.008110 seconds.
Begin MonoManager ReloadAssembly
Symbol file LoadedFromMemory doesn't match image C:\Users\Adrian\My project\Library\PackageCache\com.unity.visualscripting@1.7.8\Editor\VisualScripting.Core\Dependencies\YamlDotNet\Unity.VisualScripting.YamlDotNet.dll
Symbol file LoadedFromMemory doesn't match image C:\Users\Adrian\My project\Library\PackageCache\com.unity.visualscripting@1.7.8\Editor\VisualScripting.Core\Dependencies\DotNetZip\Unity.VisualScripting.IonicZip.dll
Native extension for WindowsStandalone target not found
Native extension for WebGL target not found
Refreshing native plugins compatible for Editor in 0.91 ms, found 3 plugins.
Preloading 0 native plugins for Editor in 0.00 ms.
Mono: successfully reloaded assembly
- Completed reload, in  1.536 seconds
Domain Reload Profiling:
	ReloadAssembly (1537ms)
		BeginReloadAssembly (168ms)
			ExecutionOrderSort (0ms)
			DisableScriptedObjects (10ms)
			BackupInstance (0ms)
			ReleaseScriptingObjects (0ms)
			CreateAndSetChildDomain (28ms)
		EndReloadAssembly (1190ms)
			LoadAssemblies (117ms)
			RebuildTransferFunctionScriptingTraits (0ms)
			SetupTypeCache (405ms)
			ReleaseScriptCaches (1ms)
			RebuildScriptCaches (76ms)
			SetupLoadedEditorAssemblies (537ms)
				LogAssemblyErrors (0ms)
				InitializePlatformSupportModulesInManaged (10ms)
				SetLoadedEditorAssemblies (1ms)
				RefreshPlugins (1ms)
				BeforeProcessingInitializeOnLoad (129ms)
				ProcessInitializeOnLoadAttributes (349ms)
				ProcessInitializeOnLoadMethodAttributes (35ms)
				AfterProcessingInitializeOnLoad (11ms)
				EditorAssembliesLoaded (0ms)
			ExecutionOrderSort2 (0ms)
			AwakeInstancesAfterBackupRestoration (9ms)
Platform modules already initialized, skipping
========================================================================
Worker process is ready to serve import requests
Launched and connected shader compiler UnityShaderCompiler.exe after 0.06 seconds
Refreshing native plugins compatible for Editor in 1.00 ms, found 3 plugins.
Preloading 0 native plugins for Editor in 0.00 ms.
Unloading 3361 Unused Serialized files (Serialized files now loaded: 0)
Unloading 27 unused Assets / (113.4 KB). Loaded Objects now: 3818.
Memory consumption went from 115.6 MB to 115.5 MB.
Total: 5.337200 ms (FindLiveObjects: 0.476500 ms CreateObjectMapping: 0.149200 ms MarkObjects: 4.530300 ms  DeleteObjects: 0.179200 ms)

AssetImportParameters requested are different than current active one (requested -> active):
  custom:video-decoder-ogg-theora: a1e56fd34408186e4bbccfd4996cb3dc -> 
  custom:container-muxer-webm: aa71ff27fc2769a1b78a27578f13a17b -> 
  custom:container-demuxer-webm: 4f35f7cbe854078d1ac9338744f61a02 -> 
  custom:video-encoder-webm-vp8: eb34c28f22e8b96e1ab97ce403110664 -> 
  custom:audio-encoder-webm-vorbis: bf7c407c2cedff20999df2af8eb42d56 -> 
  custom:framework-win-MediaFoundation: 216162199b28c13a410421893ffa2e32 -> 
  custom:container-demuxer-ogg: 62fdf1f143b41e24485cea50d1cbac27 -> 
  custom:video-decoder-webm-vp8: 9c59270c3fd7afecdb556c50c9e8de78 -> 
  custom:audio-decoder-ogg-vorbis: bf7c407c2cedff20999df2af8eb42d56 -> 
========================================================================
Received Import Request.
  Time since last request: 1479471.494737 seconds.
  path: Packages/com.unity.nuget.newtonsoft-json/package.json
  artifactKey: Guid(f8d4e5c2f2df25449ae8c391afbe5114) Importer(815301076,1909f56bfc062723c751e8b465ee728b)
Start importing Packages/com.unity.nuget.newtonsoft-json/package.json using Guid(f8d4e5c2f2df25449ae8c391afbe5114) Importer(815301076,1909f56bfc062723c751e8b465ee728b)  -> (artifact id: 'e0c218fbffcdcb093e7ceeada5090097') in 0.046802 seconds 
========================================================================
Received Prepare
Registering precompiled user dll's ...
Registered in 0.009670 seconds.
Begin MonoManager ReloadAssembly
Symbol file LoadedFromMemory doesn't match image C:\Users\Adrian\My project\Library\PackageCache\com.unity.visualscripting@1.7.8\Editor\VisualScripting.Core\Dependencies\YamlDotNet\Unity.VisualScripting.YamlDotNet.dll
Symbol file LoadedFromMemory doesn't match image C:\Users\Adrian\My project\Library\PackageCache\com.unity.visualscripting@1.7.8\Editor\VisualScripting.Core\Dependencies\DotNetZip\Unity.VisualScripting.IonicZip.dll
Native extension for WindowsStandalone target not found
Native extension for WebGL target not found
Refreshing native plugins compatible for Editor in 1.04 ms, found 3 plugins.
Preloading 0 native plugins for Editor in 0.00 ms.
Mono: successfully reloaded assembly
- Completed reload, in  1.441 seconds
Domain Reload Profiling:
	ReloadAssembly (1442ms)
		BeginReloadAssembly (234ms)
			ExecutionOrderSort (0ms)
			DisableScriptedObjects (9ms)
			BackupInstance (0ms)
			ReleaseScriptingObjects (0ms)
			CreateAndSetChildDomain (64ms)
		EndReloadAssembly (1035ms)
			LoadAssemblies (148ms)
			RebuildTransferFunctionScriptingTraits (0ms)
			SetupTypeCache (408ms)
			ReleaseScriptCaches (2ms)
			RebuildScriptCaches (64ms)
			SetupLoadedEditorAssemblies (390ms)
				LogAssemblyErrors (0ms)
				InitializePlatformSupportModulesInManaged (19ms)
				SetLoadedEditorAssemblies (1ms)
				RefreshPlugins (1ms)
				BeforeProcessingInitializeOnLoad (80ms)
				ProcessInitializeOnLoadAttributes (254ms)
				ProcessInitializeOnLoadMethodAttributes (28ms)
				AfterProcessingInitializeOnLoad (8ms)
				EditorAssembliesLoaded (0ms)
			ExecutionOrderSort2 (0ms)
			AwakeInstancesAfterBackupRestoration (7ms)
Platform modules already initialized, skipping
Refreshing native plugins compatible for Editor in 2.62 ms, found 3 plugins.
Preloading 0 native plugins for Editor in 0.00 ms.
Unloading 3362 Unused Serialized files (Serialized files now loaded: 0)
Unloading 22 unused Assets / (210.4 KB). Loaded Objects now: 3826.
Memory consumption went from 116.1 MB to 115.9 MB.
Total: 3.669900 ms (FindLiveObjects: 0.350000 ms CreateObjectMapping: 0.094100 ms MarkObjects: 3.037000 ms  DeleteObjects: 0.186800 ms)

AssetImportParameters requested are different than current active one (requested -> active):
  custom:video-decoder-ogg-theora: a1e56fd34408186e4bbccfd4996cb3dc -> 
  custom:container-muxer-webm: aa71ff27fc2769a1b78a27578f13a17b -> 
  custom:container-demuxer-webm: 4f35f7cbe854078d1ac9338744f61a02 -> 
  custom:video-encoder-webm-vp8: eb34c28f22e8b96e1ab97ce403110664 -> 
  custom:audio-encoder-webm-vorbis: bf7c407c2cedff20999df2af8eb42d56 -> 
  custom:framework-win-MediaFoundation: 216162199b28c13a410421893ffa2e32 -> 
  custom:container-demuxer-ogg: 62fdf1f143b41e24485cea50d1cbac27 -> 
  custom:video-decoder-webm-vp8: 9c59270c3fd7afecdb556c50c9e8de78 -> 
  custom:audio-decoder-ogg-vorbis: bf7c407c2cedff20999df2af8eb42d56 -> 
========================================================================
Received Import Request.
  Time since last request: 90.182519 seconds.
  path: Assets/SimplePoly - Town Pack/DemoScene/DemoScene/ReflectionProbe-0.exr
  artifactKey: Guid(5d689c469cb265844875539f208ca02c) Importer(815301076,1909f56bfc062723c751e8b465ee728b)
Start importing Assets/SimplePoly - Town Pack/DemoScene/DemoScene/ReflectionProbe-0.exr using Guid(5d689c469cb265844875539f208ca02c) Importer(815301076,1909f56bfc062723c751e8b465ee728b)  -> (artifact id: 'fc6bff3966b3bc2760e164ebf81091ef') in 0.185073 seconds 
========================================================================
Received Import Request.
  Time since last request: 17.680218 seconds.
  path: Assets/SimplePoly - Town Pack/Materials/sptp_WhitePlane_Mat.mat
  artifactKey: Guid(4f9ac3095c8e05240ae127d887aa29d4) Importer(815301076,1909f56bfc062723c751e8b465ee728b)
Start importing Assets/SimplePoly - Town Pack/Materials/sptp_WhitePlane_Mat.mat using Guid(4f9ac3095c8e05240ae127d887aa29d4) Importer(815301076,1909f56bfc062723c751e8b465ee728b)  -> (artifact id: '6c52c506e27375646818c99293d7c640') in 0.261290 seconds 
========================================================================
Received Import Request.
  Time since last request: 11.386651 seconds.
  path: Assets/SimplePoly - Town Pack/Prefabs/Buildings/sptp_building_02.prefab
  artifactKey: Guid(0876618a1528b3c439a2dfb8aa96f9bb) Importer(815301076,1909f56bfc062723c751e8b465ee728b)
Start importing Assets/SimplePoly - Town Pack/Prefabs/Buildings/sptp_building_02.prefab using Guid(0876618a1528b3c439a2dfb8aa96f9bb) Importer(815301076,1909f56bfc062723c751e8b465ee728b)  -> (artifact id: '8871cf4a1d9ecd438ee13d79ed637590') in 0.228400 seconds 
========================================================================
Received Import Request.
  Time since last request: 0.000043 seconds.
  path: Assets/SimplePoly - Town Pack/Prefabs/Buildings/sptp_building_33.prefab
  artifactKey: Guid(d8772bbb1824d4648bb0c706baaceb74) Importer(815301076,1909f56bfc062723c751e8b465ee728b)
Start importing Assets/SimplePoly - Town Pack/Prefabs/Buildings/sptp_building_33.prefab using Guid(d8772bbb1824d4648bb0c706baaceb74) Importer(815301076,1909f56bfc062723c751e8b465ee728b)  -> (artifact id: '5d0840021aaead33b78207c6fa9c843d') in 0.060744 seconds 
========================================================================
Received Import Request.
  Time since last request: 0.000045 seconds.
  path: Assets/SimplePoly - Town Pack/Prefabs/Buildings/sptp_building_17.prefab
  artifactKey: Guid(c578b4309ba7d374a81ecb4ead9452b4) Importer(815301076,1909f56bfc062723c751e8b465ee728b)
Start importing Assets/SimplePoly - Town Pack/Prefabs/Buildings/sptp_building_17.prefab using Guid(c578b4309ba7d374a81ecb4ead9452b4) Importer(815301076,1909f56bfc062723c751e8b465ee728b)  -> (artifact id: '6437dffabc02a19d0b18fd798128043f') in 0.047946 seconds 
========================================================================
Received Import Request.
  Time since last request: 0.000034 seconds.
  path: Assets/SimplePoly - Town Pack/Prefabs/Buildings/sptp_building_11.prefab
  artifactKey: Guid(edfc85d2272c60b49beb757027f79980) Importer(815301076,1909f56bfc062723c751e8b465ee728b)
Start importing Assets/SimplePoly - Town Pack/Prefabs/Buildings/sptp_building_11.prefab using Guid(edfc85d2272c60b49beb757027f79980) Importer(815301076,1909f56bfc062723c751e8b465ee728b)  -> (artifact id: 'e9477a53af6b47702b1d9d50c2ea8bd4') in 0.048503 seconds 
========================================================================
Received Import Request.
  Time since last request: 0.000047 seconds.
  path: Assets/SimplePoly - Town Pack/Prefabs/Buildings/sptp_building_04.prefab
  artifactKey: Guid(0d41f7c400e70b14784c7dc6996384f2) Importer(815301076,1909f56bfc062723c751e8b465ee728b)
Start importing Assets/SimplePoly - Town Pack/Prefabs/Buildings/sptp_building_04.prefab using Guid(0d41f7c400e70b14784c7dc6996384f2) Importer(815301076,1909f56bfc062723c751e8b465ee728b)  -> (artifact id: '0caa30676e5e6508383db72def5c40be') in 0.051056 seconds 
========================================================================
Received Import Request.
  Time since last request: 0.000036 seconds.
  path: Assets/SimplePoly - Town Pack/Prefabs/Buildings/sptp_building_13.prefab
  artifactKey: Guid(7af3e402376047a46842073f130d347e) Importer(815301076,1909f56bfc062723c751e8b465ee728b)
Start importing Assets/SimplePoly - Town Pack/Prefabs/Buildings/sptp_building_13.prefab using Guid(7af3e402376047a46842073f130d347e) Importer(815301076,1909f56bfc062723c751e8b465ee728b)  -> (artifact id: '1af935aa92a29b9320450d0433636292') in 0.050436 seconds 
========================================================================
Received Import Request.
  Time since last request: 0.000040 seconds.
  path: Assets/SimplePoly - Town Pack/Prefabs/Buildings/sptp_building_07.prefab
  artifactKey: Guid(4de73b6418e85f643bcd3c2edb0dfe0c) Importer(815301076,1909f56bfc062723c751e8b465ee728b)
Start importing Assets/SimplePoly - Town Pack/Prefabs/Buildings/sptp_building_07.prefab using Guid(4de73b6418e85f643bcd3c2edb0dfe0c) Importer(815301076,1909f56bfc062723c751e8b465ee728b)  -> (artifact id: '1057a5572358cae58a60bf9e09b29304') in 0.049845 seconds 
========================================================================
Received Import Request.
  Time since last request: 0.000060 seconds.
  path: Assets/SimplePoly - Town Pack/Prefabs/Buildings/sptp_building_19.prefab
  artifactKey: Guid(b31bfd856a422204b9e585c888f2cc4f) Importer(815301076,1909f56bfc062723c751e8b465ee728b)
Start importing Assets/SimplePoly - Town Pack/Prefabs/Buildings/sptp_building_19.prefab using Guid(b31bfd856a422204b9e585c888f2cc4f) Importer(815301076,1909f56bfc062723c751e8b465ee728b)  -> (artifact id: '597bf7b99e56452041a07d18fd3f2336') in 0.051910 seconds 
========================================================================
Received Import Request.
  Time since last request: 0.000039 seconds.
  path: Assets/SimplePoly - Town Pack/Prefabs/Buildings/sptp_building_03.prefab
  artifactKey: Guid(3247a876b9df76e4187d8ddffa5028cb) Importer(815301076,1909f56bfc062723c751e8b465ee728b)
Start importing Assets/SimplePoly - Town Pack/Prefabs/Buildings/sptp_building_03.prefab using Guid(3247a876b9df76e4187d8ddffa5028cb) Importer(815301076,1909f56bfc062723c751e8b465ee728b)  -> (artifact id: 'aed674d332ed4ba69ffeb3532e5df011') in 0.049936 seconds 
========================================================================
Received Import Request.
  Time since last request: 0.000036 seconds.
  path: Assets/SimplePoly - Town Pack/Prefabs/Buildings/sptp_building_30.prefab
  artifactKey: Guid(6a03abf06fc3f154abc371fa4e38f7d1) Importer(815301076,1909f56bfc062723c751e8b465ee728b)
Start importing Assets/SimplePoly - Town Pack/Prefabs/Buildings/sptp_building_30.prefab using Guid(6a03abf06fc3f154abc371fa4e38f7d1) Importer(815301076,1909f56bfc062723c751e8b465ee728b)  -> (artifact id: '325a27e96bef4e702a0374b9ed5b92d6') in 0.050093 seconds 
========================================================================
Received Import Request.
  Time since last request: 0.000137 seconds.
  path: Assets/SimplePoly - Town Pack/Prefabs/Buildings/sptp_building_26.prefab
  artifactKey: Guid(12e574493ffa82e478d1852f78156fd3) Importer(815301076,1909f56bfc062723c751e8b465ee728b)
Start importing Assets/SimplePoly - Town Pack/Prefabs/Buildings/sptp_building_26.prefab using Guid(12e574493ffa82e478d1852f78156fd3) Importer(815301076,1909f56bfc062723c751e8b465ee728b)  -> (artifact id: '974ea8ac623635de701a3e7f604ef657') in 0.052819 seconds 
========================================================================
Received Import Request.
  Time since last request: 0.000042 seconds.
  path: Assets/SimplePoly - Town Pack/Prefabs/Buildings/sptp_building_15.prefab
  artifactKey: Guid(73121aa02ef2a1b42915f5842503a4fc) Importer(815301076,1909f56bfc062723c751e8b465ee728b)
Start importing Assets/SimplePoly - Town Pack/Prefabs/Buildings/sptp_building_15.prefab using Guid(73121aa02ef2a1b42915f5842503a4fc) Importer(815301076,1909f56bfc062723c751e8b465ee728b)  -> (artifact id: '6e5a7a6d2c90ecdddef542789f574e59') in 0.050141 seconds 
========================================================================
Received Import Request.
  Time since last request: 0.000060 seconds.
  path: Assets/SimplePoly - Town Pack/Prefabs/Buildings/sptp_building_22.prefab
  artifactKey: Guid(6f3f63053e017f4438955201b55656e0) Importer(815301076,1909f56bfc062723c751e8b465ee728b)
Start importing Assets/SimplePoly - Town Pack/Prefabs/Buildings/sptp_building_22.prefab using Guid(6f3f63053e017f4438955201b55656e0) Importer(815301076,1909f56bfc062723c751e8b465ee728b)  -> (artifact id: '5caba9e5f7f74bbe9bb37f4d2bab90bd') in 0.057167 seconds 
========================================================================
Received Import Request.
  Time since last request: 0.000040 seconds.
  path: Assets/SimplePoly - Town Pack/Prefabs/Buildings/sptp_building_27.prefab
  artifactKey: Guid(3efdc64e734336845816936e77dbf6b3) Importer(815301076,1909f56bfc062723c751e8b465ee728b)
Start importing Assets/SimplePoly - Town Pack/Prefabs/Buildings/sptp_building_27.prefab using Guid(3efdc64e734336845816936e77dbf6b3) Importer(815301076,1909f56bfc062723c751e8b465ee728b)  -> (artifact id: 'e0fd930e104ad9982b69c6001e656bad') in 0.057445 seconds 
========================================================================
Received Import Request.
  Time since last request: 0.000055 seconds.
  path: Assets/SimplePoly - Town Pack/Prefabs/Buildings/sptp_building_24.prefab
  artifactKey: Guid(d9c2a6cb99ea45945b24d88f8b8e88ff) Importer(815301076,1909f56bfc062723c751e8b465ee728b)
Start importing Assets/SimplePoly - Town Pack/Prefabs/Buildings/sptp_building_24.prefab using Guid(d9c2a6cb99ea45945b24d88f8b8e88ff) Importer(815301076,1909f56bfc062723c751e8b465ee728b)  -> (artifact id: '0060b3db1c2ed8e5816303aa51e47de5') in 0.055640 seconds 
========================================================================
Received Import Request.
  Time since last request: 0.000038 seconds.
  path: Assets/SimplePoly - Town Pack/Prefabs/Buildings/sptp_building_34.prefab
  artifactKey: Guid(e9108a5ba00dab0428f366de008873c9) Importer(815301076,1909f56bfc062723c751e8b465ee728b)
Start importing Assets/SimplePoly - Town Pack/Prefabs/Buildings/sptp_building_34.prefab using Guid(e9108a5ba00dab0428f366de008873c9) Importer(815301076,1909f56bfc062723c751e8b465ee728b)  -> (artifact id: '4d68172e050454a5e52275df410c9c0c') in 0.048022 seconds 
Editor requested this worker to shutdown with reason: Scaling down because of idle timeout
AssetImportWorker is now disconnected from the server
Process exiting
Exiting without the bug reporter. Application will terminate with return code 0